{"C:\\Users\\Aalok\\OneDrive\\Desktop\\SE_PROJECT\\ROSHNI_202301429\\frontend\\src\\App.tsx": {"path":"C:\\Users\\Aalok\\OneDrive\\Desktop\\SE_PROJECT\\ROSHNI_202301429\\frontend\\src\\App.tsx","all":false,"statementMap":{"0":{"start":{"line":1,"column":0},"end":{"line":1,"column":44}},"2":{"start":{"line":3,"column":0},"end":{"line":3,"column":19}},"3":{"start":{"line":4,"column":0},"end":{"line":4,"column":52}},"4":{"start":{"line":5,"column":0},"end":{"line":5,"column":55}},"5":{"start":{"line":6,"column":0},"end":{"line":6,"column":42}},"6":{"start":{"line":7,"column":0},"end":{"line":7,"column":63}},"7":{"start":{"line":8,"column":0},"end":{"line":8,"column":65}},"8":{"start":{"line":9,"column":0},"end":{"line":9,"column":65}},"9":{"start":{"line":10,"column":0},"end":{"line":10,"column":55}},"10":{"start":{"line":11,"column":0},"end":{"line":11,"column":55}},"11":{"start":{"line":12,"column":0},"end":{"line":12,"column":65}},"12":{"start":{"line":13,"column":0},"end":{"line":13,"column":57}},"13":{"start":{"line":14,"column":0},"end":{"line":14,"column":61}},"16":{"start":{"line":17,"column":0},"end":{"line":17,"column":66}},"17":{"start":{"line":18,"column":0},"end":{"line":18,"column":56}},"18":{"start":{"line":19,"column":0},"end":{"line":19,"column":65}},"19":{"start":{"line":20,"column":0},"end":{"line":20,"column":59}},"20":{"start":{"line":21,"column":0},"end":{"line":21,"column":61}},"28":{"start":{"line":29,"column":0},"end":{"line":29,"column":68}},"29":{"start":{"line":30,"column":0},"end":{"line":30,"column":30}},"30":{"start":{"line":31,"column":0},"end":{"line":31,"column":32}},"31":{"start":{"line":32,"column":0},"end":{"line":32,"column":32}},"32":{"start":{"line":33,"column":0},"end":{"line":33,"column":2}},"34":{"start":{"line":35,"column":0},"end":{"line":35,"column":26}},"35":{"start":{"line":36,"column":0},"end":{"line":36,"column":6}},"36":{"start":{"line":37,"column":0},"end":{"line":37,"column":31}},"37":{"start":{"line":38,"column":0},"end":{"line":38,"column":38}},"38":{"start":{"line":39,"column":0},"end":{"line":39,"column":23}},"39":{"start":{"line":40,"column":0},"end":{"line":40,"column":22}},"40":{"start":{"line":41,"column":0},"end":{"line":41,"column":21}},"42":{"start":{"line":43,"column":0},"end":{"line":43,"column":9}},"43":{"start":{"line":44,"column":0},"end":{"line":44,"column":20}},"44":{"start":{"line":45,"column":0},"end":{"line":45,"column":123}},"45":{"start":{"line":46,"column":0},"end":{"line":46,"column":6}},"46":{"start":{"line":47,"column":0},"end":{"line":47,"column":9}},"47":{"start":{"line":48,"column":0},"end":{"line":48,"column":20}},"48":{"start":{"line":49,"column":0},"end":{"line":49,"column":135}},"49":{"start":{"line":50,"column":0},"end":{"line":50,"column":6}},"50":{"start":{"line":51,"column":0},"end":{"line":51,"column":9}},"51":{"start":{"line":52,"column":0},"end":{"line":52,"column":20}},"52":{"start":{"line":53,"column":0},"end":{"line":53,"column":82}},"53":{"start":{"line":54,"column":0},"end":{"line":54,"column":6}},"54":{"start":{"line":55,"column":0},"end":{"line":55,"column":9}},"55":{"start":{"line":56,"column":0},"end":{"line":56,"column":20}},"56":{"start":{"line":57,"column":0},"end":{"line":57,"column":109}},"57":{"start":{"line":58,"column":0},"end":{"line":58,"column":6}},"58":{"start":{"line":59,"column":0},"end":{"line":59,"column":8}},"61":{"start":{"line":62,"column":0},"end":{"line":62,"column":59}},"62":{"start":{"line":63,"column":0},"end":{"line":63,"column":31}},"64":{"start":{"line":65,"column":0},"end":{"line":65,"column":76}},"65":{"start":{"line":66,"column":0},"end":{"line":66,"column":16}},"66":{"start":{"line":67,"column":0},"end":{"line":67,"column":3}},"69":{"start":{"line":70,"column":0},"end":{"line":70,"column":20}},"70":{"start":{"line":71,"column":0},"end":{"line":71,"column":2}},"78":{"start":{"line":79,"column":0},"end":{"line":79,"column":79}},"79":{"start":{"line":80,"column":0},"end":{"line":80,"column":46}},"80":{"start":{"line":81,"column":0},"end":{"line":81,"column":64}},"81":{"start":{"line":82,"column":0},"end":{"line":82,"column":68}},"82":{"start":{"line":83,"column":0},"end":{"line":83,"column":64}},"83":{"start":{"line":84,"column":0},"end":{"line":84,"column":45}},"84":{"start":{"line":85,"column":0},"end":{"line":85,"column":80}},"85":{"start":{"line":86,"column":0},"end":{"line":86,"column":44}},"87":{"start":{"line":88,"column":0},"end":{"line":88,"column":35}},"88":{"start":{"line":89,"column":0},"end":{"line":89,"column":31}},"89":{"start":{"line":90,"column":0},"end":{"line":90,"column":4}},"91":{"start":{"line":92,"column":0},"end":{"line":92,"column":37}},"92":{"start":{"line":93,"column":0},"end":{"line":93,"column":32}},"93":{"start":{"line":94,"column":0},"end":{"line":94,"column":15}},"94":{"start":{"line":95,"column":0},"end":{"line":95,"column":4}},"96":{"start":{"line":97,"column":0},"end":{"line":97,"column":36}},"97":{"start":{"line":98,"column":0},"end":{"line":98,"column":32}},"98":{"start":{"line":99,"column":0},"end":{"line":99,"column":4}},"100":{"start":{"line":101,"column":0},"end":{"line":101,"column":35}},"101":{"start":{"line":102,"column":0},"end":{"line":102,"column":29}},"102":{"start":{"line":103,"column":0},"end":{"line":103,"column":4}},"104":{"start":{"line":105,"column":0},"end":{"line":105,"column":40}},"105":{"start":{"line":106,"column":0},"end":{"line":106,"column":30}},"106":{"start":{"line":107,"column":0},"end":{"line":107,"column":4}},"108":{"start":{"line":109,"column":0},"end":{"line":109,"column":44}},"110":{"start":{"line":111,"column":0},"end":{"line":111,"column":19}},"111":{"start":{"line":112,"column":0},"end":{"line":112,"column":4}},"113":{"start":{"line":114,"column":0},"end":{"line":114,"column":36}},"114":{"start":{"line":115,"column":0},"end":{"line":115,"column":9}},"115":{"start":{"line":116,"column":0},"end":{"line":116,"column":72}},"116":{"start":{"line":117,"column":0},"end":{"line":117,"column":30}},"117":{"start":{"line":118,"column":0},"end":{"line":118,"column":9}},"118":{"start":{"line":119,"column":0},"end":{"line":119,"column":24}},"119":{"start":{"line":120,"column":0},"end":{"line":120,"column":46}},"120":{"start":{"line":121,"column":0},"end":{"line":121,"column":39}},"121":{"start":{"line":122,"column":0},"end":{"line":122,"column":7}},"122":{"start":{"line":123,"column":0},"end":{"line":123,"column":21}},"123":{"start":{"line":124,"column":0},"end":{"line":124,"column":60}},"124":{"start":{"line":125,"column":0},"end":{"line":125,"column":5}},"125":{"start":{"line":126,"column":0},"end":{"line":126,"column":4}},"128":{"start":{"line":129,"column":0},"end":{"line":129,"column":19}},"129":{"start":{"line":130,"column":0},"end":{"line":130,"column":19}},"130":{"start":{"line":131,"column":0},"end":{"line":131,"column":9}},"131":{"start":{"line":132,"column":0},"end":{"line":132,"column":115}},"132":{"start":{"line":133,"column":0},"end":{"line":133,"column":9}},"133":{"start":{"line":134,"column":0},"end":{"line":134,"column":60}},"134":{"start":{"line":135,"column":0},"end":{"line":135,"column":65}},"135":{"start":{"line":136,"column":0},"end":{"line":136,"column":44}},"136":{"start":{"line":137,"column":0},"end":{"line":137,"column":48}},"137":{"start":{"line":138,"column":0},"end":{"line":138,"column":38}},"138":{"start":{"line":139,"column":0},"end":{"line":139,"column":38}},"139":{"start":{"line":140,"column":0},"end":{"line":140,"column":40}},"140":{"start":{"line":141,"column":0},"end":{"line":141,"column":25}},"141":{"start":{"line":142,"column":0},"end":{"line":142,"column":13}},"142":{"start":{"line":143,"column":0},"end":{"line":143,"column":25}},"143":{"start":{"line":144,"column":0},"end":{"line":144,"column":5}},"144":{"start":{"line":145,"column":0},"end":{"line":145,"column":5}},"147":{"start":{"line":148,"column":0},"end":{"line":148,"column":19}},"148":{"start":{"line":149,"column":0},"end":{"line":149,"column":46}},"149":{"start":{"line":150,"column":0},"end":{"line":150,"column":63}},"150":{"start":{"line":151,"column":0},"end":{"line":151,"column":47}},"151":{"start":{"line":152,"column":0},"end":{"line":152,"column":67}},"152":{"start":{"line":153,"column":0},"end":{"line":153,"column":50}},"153":{"start":{"line":154,"column":0},"end":{"line":154,"column":22}},"156":{"start":{"line":157,"column":0},"end":{"line":157,"column":19}},"157":{"start":{"line":158,"column":0},"end":{"line":158,"column":46}},"158":{"start":{"line":159,"column":0},"end":{"line":159,"column":25}},"159":{"start":{"line":160,"column":0},"end":{"line":160,"column":65}},"160":{"start":{"line":161,"column":0},"end":{"line":161,"column":44}},"161":{"start":{"line":162,"column":0},"end":{"line":162,"column":49}},"162":{"start":{"line":163,"column":0},"end":{"line":163,"column":54}},"163":{"start":{"line":164,"column":0},"end":{"line":164,"column":64}},"164":{"start":{"line":165,"column":0},"end":{"line":165,"column":56}},"165":{"start":{"line":166,"column":0},"end":{"line":166,"column":41}},"166":{"start":{"line":167,"column":0},"end":{"line":167,"column":6}},"168":{"start":{"line":169,"column":0},"end":{"line":169,"column":47}},"169":{"start":{"line":170,"column":0},"end":{"line":170,"column":63}},"170":{"start":{"line":171,"column":0},"end":{"line":171,"column":9}},"172":{"start":{"line":173,"column":0},"end":{"line":173,"column":31}},"173":{"start":{"line":174,"column":0},"end":{"line":174,"column":37}},"174":{"start":{"line":175,"column":0},"end":{"line":175,"column":83}},"175":{"start":{"line":176,"column":0},"end":{"line":176,"column":61}},"176":{"start":{"line":177,"column":0},"end":{"line":177,"column":61}},"177":{"start":{"line":178,"column":0},"end":{"line":178,"column":63}},"178":{"start":{"line":179,"column":0},"end":{"line":179,"column":45}},"179":{"start":{"line":180,"column":0},"end":{"line":180,"column":5}},"181":{"start":{"line":182,"column":0},"end":{"line":182,"column":43}},"182":{"start":{"line":183,"column":0},"end":{"line":183,"column":4}},"184":{"start":{"line":185,"column":0},"end":{"line":185,"column":10}},"185":{"start":{"line":186,"column":0},"end":{"line":186,"column":37}},"186":{"start":{"line":187,"column":0},"end":{"line":187,"column":48}},"187":{"start":{"line":188,"column":0},"end":{"line":188,"column":40}},"188":{"start":{"line":189,"column":0},"end":{"line":189,"column":82}},"189":{"start":{"line":190,"column":0},"end":{"line":190,"column":56}},"190":{"start":{"line":191,"column":0},"end":{"line":191,"column":14}},"191":{"start":{"line":192,"column":0},"end":{"line":192,"column":76}},"192":{"start":{"line":193,"column":0},"end":{"line":193,"column":42}},"193":{"start":{"line":194,"column":0},"end":{"line":194,"column":73}},"194":{"start":{"line":195,"column":0},"end":{"line":195,"column":21}},"195":{"start":{"line":196,"column":0},"end":{"line":196,"column":29}},"196":{"start":{"line":197,"column":0},"end":{"line":197,"column":87}},"197":{"start":{"line":198,"column":0},"end":{"line":198,"column":56}},"198":{"start":{"line":199,"column":0},"end":{"line":199,"column":15}},"200":{"start":{"line":201,"column":0},"end":{"line":201,"column":23}},"201":{"start":{"line":202,"column":0},"end":{"line":202,"column":21}},"202":{"start":{"line":203,"column":0},"end":{"line":203,"column":29}},"203":{"start":{"line":204,"column":0},"end":{"line":204,"column":92}},"204":{"start":{"line":205,"column":0},"end":{"line":205,"column":61}},"205":{"start":{"line":206,"column":0},"end":{"line":206,"column":15}},"207":{"start":{"line":208,"column":0},"end":{"line":208,"column":23}},"208":{"start":{"line":209,"column":0},"end":{"line":209,"column":21}},"209":{"start":{"line":210,"column":0},"end":{"line":210,"column":29}},"210":{"start":{"line":211,"column":0},"end":{"line":211,"column":92}},"211":{"start":{"line":212,"column":0},"end":{"line":212,"column":61}},"212":{"start":{"line":213,"column":0},"end":{"line":213,"column":15}},"214":{"start":{"line":215,"column":0},"end":{"line":215,"column":23}},"215":{"start":{"line":216,"column":0},"end":{"line":216,"column":21}},"216":{"start":{"line":217,"column":0},"end":{"line":217,"column":29}},"217":{"start":{"line":218,"column":0},"end":{"line":218,"column":88}},"218":{"start":{"line":219,"column":0},"end":{"line":219,"column":57}},"219":{"start":{"line":220,"column":0},"end":{"line":220,"column":15}},"221":{"start":{"line":222,"column":0},"end":{"line":222,"column":23}},"222":{"start":{"line":223,"column":0},"end":{"line":223,"column":21}},"223":{"start":{"line":224,"column":0},"end":{"line":224,"column":29}},"224":{"start":{"line":225,"column":0},"end":{"line":225,"column":87}},"225":{"start":{"line":226,"column":0},"end":{"line":226,"column":56}},"226":{"start":{"line":227,"column":0},"end":{"line":227,"column":15}},"228":{"start":{"line":229,"column":0},"end":{"line":229,"column":23}},"229":{"start":{"line":230,"column":0},"end":{"line":230,"column":18}},"231":{"start":{"line":232,"column":0},"end":{"line":232,"column":41}},"232":{"start":{"line":233,"column":0},"end":{"line":233,"column":72}},"233":{"start":{"line":234,"column":0},"end":{"line":234,"column":21}},"234":{"start":{"line":235,"column":0},"end":{"line":235,"column":29}},"235":{"start":{"line":236,"column":0},"end":{"line":236,"column":41}},"236":{"start":{"line":237,"column":0},"end":{"line":237,"column":32}},"237":{"start":{"line":238,"column":0},"end":{"line":238,"column":72}},"238":{"start":{"line":239,"column":0},"end":{"line":239,"column":79}},"239":{"start":{"line":240,"column":0},"end":{"line":240,"column":18}},"240":{"start":{"line":241,"column":0},"end":{"line":241,"column":15}},"242":{"start":{"line":243,"column":0},"end":{"line":243,"column":23}},"243":{"start":{"line":244,"column":0},"end":{"line":244,"column":21}},"244":{"start":{"line":245,"column":0},"end":{"line":245,"column":29}},"245":{"start":{"line":246,"column":0},"end":{"line":246,"column":41}},"246":{"start":{"line":247,"column":0},"end":{"line":247,"column":32}},"247":{"start":{"line":248,"column":0},"end":{"line":248,"column":74}},"248":{"start":{"line":249,"column":0},"end":{"line":249,"column":79}},"249":{"start":{"line":250,"column":0},"end":{"line":250,"column":18}},"250":{"start":{"line":251,"column":0},"end":{"line":251,"column":15}},"252":{"start":{"line":253,"column":0},"end":{"line":253,"column":23}},"253":{"start":{"line":254,"column":0},"end":{"line":254,"column":21}},"254":{"start":{"line":255,"column":0},"end":{"line":255,"column":29}},"255":{"start":{"line":256,"column":0},"end":{"line":256,"column":41}},"256":{"start":{"line":257,"column":0},"end":{"line":257,"column":32}},"257":{"start":{"line":258,"column":0},"end":{"line":258,"column":78}},"258":{"start":{"line":259,"column":0},"end":{"line":259,"column":79}},"259":{"start":{"line":260,"column":0},"end":{"line":260,"column":18}},"260":{"start":{"line":261,"column":0},"end":{"line":261,"column":15}},"262":{"start":{"line":263,"column":0},"end":{"line":263,"column":23}},"263":{"start":{"line":264,"column":0},"end":{"line":264,"column":18}},"266":{"start":{"line":267,"column":0},"end":{"line":267,"column":17}},"267":{"start":{"line":268,"column":0},"end":{"line":268,"column":25}},"268":{"start":{"line":269,"column":0},"end":{"line":269,"column":36}},"269":{"start":{"line":270,"column":0},"end":{"line":270,"column":33}},"270":{"start":{"line":271,"column":0},"end":{"line":271,"column":81}},"271":{"start":{"line":272,"column":0},"end":{"line":272,"column":76}},"273":{"start":{"line":274,"column":0},"end":{"line":274,"column":34}},"274":{"start":{"line":275,"column":0},"end":{"line":275,"column":112}},"275":{"start":{"line":276,"column":0},"end":{"line":276,"column":121}},"276":{"start":{"line":277,"column":0},"end":{"line":277,"column":20}},"278":{"start":{"line":279,"column":0},"end":{"line":279,"column":112}},"279":{"start":{"line":280,"column":0},"end":{"line":280,"column":93}},"280":{"start":{"line":281,"column":0},"end":{"line":281,"column":188}},"281":{"start":{"line":282,"column":0},"end":{"line":282,"column":20}},"283":{"start":{"line":284,"column":0},"end":{"line":284,"column":19}},"285":{"start":{"line":286,"column":0},"end":{"line":286,"column":44}},"286":{"start":{"line":287,"column":0},"end":{"line":287,"column":29}},"287":{"start":{"line":288,"column":0},"end":{"line":288,"column":39}},"288":{"start":{"line":289,"column":0},"end":{"line":289,"column":31}},"289":{"start":{"line":290,"column":0},"end":{"line":290,"column":47}},"290":{"start":{"line":291,"column":0},"end":{"line":291,"column":14}},"291":{"start":{"line":292,"column":0},"end":{"line":292,"column":19}},"292":{"start":{"line":293,"column":0},"end":{"line":293,"column":27}},"293":{"start":{"line":294,"column":0},"end":{"line":294,"column":39}},"294":{"start":{"line":295,"column":0},"end":{"line":295,"column":41}},"295":{"start":{"line":296,"column":0},"end":{"line":296,"column":35}},"297":{"start":{"line":298,"column":0},"end":{"line":298,"column":54}},"298":{"start":{"line":299,"column":0},"end":{"line":299,"column":21}},"299":{"start":{"line":300,"column":0},"end":{"line":300,"column":16}},"300":{"start":{"line":301,"column":0},"end":{"line":301,"column":14}},"301":{"start":{"line":302,"column":0},"end":{"line":302,"column":15}},"303":{"start":{"line":304,"column":0},"end":{"line":304,"column":78}},"304":{"start":{"line":305,"column":0},"end":{"line":305,"column":37}},"305":{"start":{"line":306,"column":0},"end":{"line":306,"column":21}},"306":{"start":{"line":307,"column":0},"end":{"line":307,"column":31}},"307":{"start":{"line":308,"column":0},"end":{"line":308,"column":36}},"308":{"start":{"line":309,"column":0},"end":{"line":309,"column":36}},"309":{"start":{"line":310,"column":0},"end":{"line":310,"column":33}},"310":{"start":{"line":311,"column":0},"end":{"line":311,"column":42}},"311":{"start":{"line":312,"column":0},"end":{"line":312,"column":53}},"313":{"start":{"line":314,"column":0},"end":{"line":314,"column":29}},"314":{"start":{"line":315,"column":0},"end":{"line":315,"column":23}},"315":{"start":{"line":316,"column":0},"end":{"line":316,"column":26}},"316":{"start":{"line":317,"column":0},"end":{"line":317,"column":13}},"317":{"start":{"line":318,"column":0},"end":{"line":318,"column":24}},"318":{"start":{"line":319,"column":0},"end":{"line":319,"column":32}},"319":{"start":{"line":320,"column":0},"end":{"line":320,"column":40}},"320":{"start":{"line":321,"column":0},"end":{"line":321,"column":46}},"321":{"start":{"line":322,"column":0},"end":{"line":322,"column":8}},"322":{"start":{"line":323,"column":0},"end":{"line":323,"column":26}},"323":{"start":{"line":324,"column":0},"end":{"line":324,"column":34}},"324":{"start":{"line":325,"column":0},"end":{"line":325,"column":39}},"325":{"start":{"line":326,"column":0},"end":{"line":326,"column":37}},"326":{"start":{"line":327,"column":0},"end":{"line":327,"column":8}},"327":{"start":{"line":328,"column":0},"end":{"line":328,"column":10}},"329":{"start":{"line":330,"column":0},"end":{"line":330,"column":2}},"332":{"start":{"line":333,"column":0},"end":{"line":333,"column":60}},"333":{"start":{"line":334,"column":0},"end":{"line":334,"column":61}},"334":{"start":{"line":335,"column":0},"end":{"line":335,"column":63}},"335":{"start":{"line":336,"column":0},"end":{"line":336,"column":58}},"336":{"start":{"line":337,"column":0},"end":{"line":337,"column":54}},"337":{"start":{"line":338,"column":0},"end":{"line":338,"column":66}},"340":{"start":{"line":341,"column":0},"end":{"line":341,"column":19}},"342":{"start":{"line":343,"column":0},"end":{"line":343,"column":66}},"343":{"start":{"line":344,"column":0},"end":{"line":344,"column":60}},"345":{"start":{"line":346,"column":0},"end":{"line":346,"column":80}},"347":{"start":{"line":348,"column":0},"end":{"line":348,"column":5}},"348":{"start":{"line":349,"column":0},"end":{"line":349,"column":9}},"350":{"start":{"line":351,"column":0},"end":{"line":351,"column":19}},"351":{"start":{"line":352,"column":0},"end":{"line":352,"column":25}},"352":{"start":{"line":353,"column":0},"end":{"line":353,"column":45}},"354":{"start":{"line":355,"column":0},"end":{"line":355,"column":37}},"355":{"start":{"line":356,"column":0},"end":{"line":356,"column":11}},"356":{"start":{"line":357,"column":0},"end":{"line":357,"column":61}},"357":{"start":{"line":358,"column":0},"end":{"line":358,"column":33}},"358":{"start":{"line":359,"column":0},"end":{"line":359,"column":36}},"359":{"start":{"line":360,"column":0},"end":{"line":360,"column":11}},"362":{"start":{"line":363,"column":0},"end":{"line":363,"column":38}},"363":{"start":{"line":364,"column":0},"end":{"line":364,"column":26}},"364":{"start":{"line":365,"column":0},"end":{"line":365,"column":26}},"365":{"start":{"line":366,"column":0},"end":{"line":366,"column":27}},"366":{"start":{"line":367,"column":0},"end":{"line":367,"column":38}},"367":{"start":{"line":368,"column":0},"end":{"line":368,"column":11}},"368":{"start":{"line":369,"column":0},"end":{"line":369,"column":17}},"369":{"start":{"line":370,"column":0},"end":{"line":370,"column":9}},"371":{"start":{"line":372,"column":0},"end":{"line":372,"column":27}},"372":{"start":{"line":373,"column":0},"end":{"line":373,"column":53}},"373":{"start":{"line":374,"column":0},"end":{"line":374,"column":9}},"375":{"start":{"line":376,"column":0},"end":{"line":376,"column":67}},"376":{"start":{"line":377,"column":0},"end":{"line":377,"column":24}},"377":{"start":{"line":378,"column":0},"end":{"line":378,"column":31}},"378":{"start":{"line":379,"column":0},"end":{"line":379,"column":25}},"380":{"start":{"line":381,"column":0},"end":{"line":381,"column":49}},"381":{"start":{"line":382,"column":0},"end":{"line":382,"column":38}},"382":{"start":{"line":383,"column":0},"end":{"line":383,"column":11}},"383":{"start":{"line":384,"column":0},"end":{"line":384,"column":9}},"384":{"start":{"line":385,"column":0},"end":{"line":385,"column":28}},"385":{"start":{"line":386,"column":0},"end":{"line":386,"column":31}},"386":{"start":{"line":387,"column":0},"end":{"line":387,"column":71}},"387":{"start":{"line":388,"column":0},"end":{"line":388,"column":22}},"388":{"start":{"line":389,"column":0},"end":{"line":389,"column":82}},"389":{"start":{"line":390,"column":0},"end":{"line":390,"column":17}},"390":{"start":{"line":391,"column":0},"end":{"line":391,"column":24}},"391":{"start":{"line":392,"column":0},"end":{"line":392,"column":36}},"392":{"start":{"line":393,"column":0},"end":{"line":393,"column":9}},"393":{"start":{"line":394,"column":0},"end":{"line":394,"column":7}},"394":{"start":{"line":395,"column":0},"end":{"line":395,"column":6}},"396":{"start":{"line":397,"column":0},"end":{"line":397,"column":18}},"398":{"start":{"line":399,"column":0},"end":{"line":399,"column":18}},"399":{"start":{"line":400,"column":0},"end":{"line":400,"column":24}},"400":{"start":{"line":401,"column":0},"end":{"line":401,"column":25}},"401":{"start":{"line":402,"column":0},"end":{"line":402,"column":6}},"402":{"start":{"line":403,"column":0},"end":{"line":403,"column":9}},"404":{"start":{"line":405,"column":0},"end":{"line":405,"column":29}},"405":{"start":{"line":406,"column":0},"end":{"line":406,"column":19}},"406":{"start":{"line":407,"column":0},"end":{"line":407,"column":44}},"407":{"start":{"line":408,"column":0},"end":{"line":408,"column":4}},"409":{"start":{"line":410,"column":0},"end":{"line":410,"column":36}},"410":{"start":{"line":411,"column":0},"end":{"line":411,"column":9}},"411":{"start":{"line":412,"column":0},"end":{"line":412,"column":26}},"412":{"start":{"line":413,"column":0},"end":{"line":413,"column":58}},"413":{"start":{"line":414,"column":0},"end":{"line":414,"column":23}},"414":{"start":{"line":415,"column":0},"end":{"line":415,"column":31}},"415":{"start":{"line":416,"column":0},"end":{"line":416,"column":9}},"416":{"start":{"line":417,"column":0},"end":{"line":417,"column":61}},"417":{"start":{"line":418,"column":0},"end":{"line":418,"column":20}},"418":{"start":{"line":419,"column":0},"end":{"line":419,"column":21}},"419":{"start":{"line":420,"column":0},"end":{"line":420,"column":33}},"420":{"start":{"line":421,"column":0},"end":{"line":421,"column":13}},"421":{"start":{"line":422,"column":0},"end":{"line":422,"column":78}},"422":{"start":{"line":423,"column":0},"end":{"line":423,"column":15}},"423":{"start":{"line":424,"column":0},"end":{"line":424,"column":27}},"424":{"start":{"line":425,"column":0},"end":{"line":425,"column":5}},"425":{"start":{"line":426,"column":0},"end":{"line":426,"column":4}},"427":{"start":{"line":428,"column":0},"end":{"line":428,"column":72}},"428":{"start":{"line":429,"column":0},"end":{"line":429,"column":9}},"430":{"start":{"line":431,"column":0},"end":{"line":431,"column":82}},"431":{"start":{"line":432,"column":0},"end":{"line":432,"column":24}},"432":{"start":{"line":433,"column":0},"end":{"line":433,"column":18}},"433":{"start":{"line":434,"column":0},"end":{"line":434,"column":45}},"434":{"start":{"line":435,"column":0},"end":{"line":435,"column":10}},"435":{"start":{"line":436,"column":0},"end":{"line":436,"column":31}},"436":{"start":{"line":437,"column":0},"end":{"line":437,"column":30}},"437":{"start":{"line":438,"column":0},"end":{"line":438,"column":41}},"438":{"start":{"line":439,"column":0},"end":{"line":439,"column":42}},"439":{"start":{"line":440,"column":0},"end":{"line":440,"column":11}},"440":{"start":{"line":441,"column":0},"end":{"line":441,"column":9}},"442":{"start":{"line":443,"column":0},"end":{"line":443,"column":35}},"443":{"start":{"line":444,"column":0},"end":{"line":444,"column":58}},"444":{"start":{"line":445,"column":0},"end":{"line":445,"column":77}},"445":{"start":{"line":446,"column":0},"end":{"line":446,"column":7}},"448":{"start":{"line":449,"column":0},"end":{"line":449,"column":72}},"449":{"start":{"line":450,"column":0},"end":{"line":450,"column":22}},"450":{"start":{"line":451,"column":0},"end":{"line":451,"column":18}},"451":{"start":{"line":452,"column":0},"end":{"line":452,"column":45}},"452":{"start":{"line":453,"column":0},"end":{"line":453,"column":10}},"453":{"start":{"line":454,"column":0},"end":{"line":454,"column":31}},"454":{"start":{"line":455,"column":0},"end":{"line":455,"column":30}},"455":{"start":{"line":456,"column":0},"end":{"line":456,"column":35}},"456":{"start":{"line":457,"column":0},"end":{"line":457,"column":40}},"457":{"start":{"line":458,"column":0},"end":{"line":458,"column":68}},"458":{"start":{"line":459,"column":0},"end":{"line":459,"column":70}},"459":{"start":{"line":460,"column":0},"end":{"line":460,"column":11}},"460":{"start":{"line":461,"column":0},"end":{"line":461,"column":9}},"462":{"start":{"line":463,"column":0},"end":{"line":463,"column":32}},"463":{"start":{"line":464,"column":0},"end":{"line":464,"column":55}},"464":{"start":{"line":465,"column":0},"end":{"line":465,"column":72}},"465":{"start":{"line":466,"column":0},"end":{"line":466,"column":7}},"468":{"start":{"line":469,"column":0},"end":{"line":469,"column":29}},"469":{"start":{"line":470,"column":0},"end":{"line":470,"column":74}},"470":{"start":{"line":471,"column":0},"end":{"line":471,"column":24}},"471":{"start":{"line":472,"column":0},"end":{"line":472,"column":20}},"472":{"start":{"line":473,"column":0},"end":{"line":473,"column":47}},"473":{"start":{"line":474,"column":0},"end":{"line":474,"column":12}},"474":{"start":{"line":475,"column":0},"end":{"line":475,"column":33}},"475":{"start":{"line":476,"column":0},"end":{"line":476,"column":32}},"476":{"start":{"line":477,"column":0},"end":{"line":477,"column":50}},"477":{"start":{"line":478,"column":0},"end":{"line":478,"column":13}},"478":{"start":{"line":479,"column":0},"end":{"line":479,"column":11}},"480":{"start":{"line":481,"column":0},"end":{"line":481,"column":34}},"481":{"start":{"line":482,"column":0},"end":{"line":482,"column":57}},"482":{"start":{"line":483,"column":0},"end":{"line":483,"column":79}},"483":{"start":{"line":484,"column":0},"end":{"line":484,"column":9}},"484":{"start":{"line":485,"column":0},"end":{"line":485,"column":7}},"487":{"start":{"line":488,"column":0},"end":{"line":488,"column":66}},"488":{"start":{"line":489,"column":0},"end":{"line":489,"column":31}},"489":{"start":{"line":490,"column":0},"end":{"line":490,"column":9}},"491":{"start":{"line":492,"column":0},"end":{"line":492,"column":32}},"492":{"start":{"line":493,"column":0},"end":{"line":493,"column":52}},"493":{"start":{"line":494,"column":0},"end":{"line":494,"column":7}},"495":{"start":{"line":496,"column":0},"end":{"line":496,"column":72}},"496":{"start":{"line":497,"column":0},"end":{"line":497,"column":27}},"497":{"start":{"line":498,"column":0},"end":{"line":498,"column":33}},"498":{"start":{"line":499,"column":0},"end":{"line":499,"column":21}},"499":{"start":{"line":500,"column":0},"end":{"line":500,"column":19}},"500":{"start":{"line":501,"column":0},"end":{"line":501,"column":57}},"501":{"start":{"line":502,"column":0},"end":{"line":502,"column":5}},"502":{"start":{"line":503,"column":0},"end":{"line":503,"column":4}},"504":{"start":{"line":505,"column":0},"end":{"line":505,"column":48}},"506":{"start":{"line":507,"column":0},"end":{"line":507,"column":25}},"507":{"start":{"line":508,"column":0},"end":{"line":508,"column":4}},"510":{"start":{"line":511,"column":0},"end":{"line":511,"column":33}},"511":{"start":{"line":512,"column":0},"end":{"line":512,"column":12}},"512":{"start":{"line":513,"column":0},"end":{"line":513,"column":23}},"513":{"start":{"line":514,"column":0},"end":{"line":514,"column":26}},"514":{"start":{"line":515,"column":0},"end":{"line":515,"column":45}},"515":{"start":{"line":516,"column":0},"end":{"line":516,"column":43}},"516":{"start":{"line":517,"column":0},"end":{"line":517,"column":8}},"518":{"start":{"line":519,"column":0},"end":{"line":519,"column":3}},"520":{"start":{"line":521,"column":0},"end":{"line":521,"column":13}},"521":{"start":{"line":522,"column":0},"end":{"line":522,"column":12}},"522":{"start":{"line":523,"column":0},"end":{"line":523,"column":21}},"523":{"start":{"line":524,"column":0},"end":{"line":524,"column":85}},"524":{"start":{"line":525,"column":0},"end":{"line":525,"column":22}},"526":{"start":{"line":527,"column":0},"end":{"line":527,"column":3}},"528":{"start":{"line":529,"column":0},"end":{"line":529,"column":10}},"529":{"start":{"line":530,"column":0},"end":{"line":530,"column":62}},"530":{"start":{"line":531,"column":0},"end":{"line":531,"column":57}},"531":{"start":{"line":532,"column":0},"end":{"line":532,"column":77}},"532":{"start":{"line":533,"column":0},"end":{"line":533,"column":42}},"533":{"start":{"line":534,"column":0},"end":{"line":534,"column":52}},"534":{"start":{"line":535,"column":0},"end":{"line":535,"column":99}},"535":{"start":{"line":536,"column":0},"end":{"line":536,"column":14}},"536":{"start":{"line":537,"column":0},"end":{"line":537,"column":16}},"538":{"start":{"line":539,"column":0},"end":{"line":539,"column":84}},"540":{"start":{"line":541,"column":0},"end":{"line":541,"column":58}},"541":{"start":{"line":542,"column":0},"end":{"line":542,"column":57}},"542":{"start":{"line":543,"column":0},"end":{"line":543,"column":36}},"544":{"start":{"line":545,"column":0},"end":{"line":545,"column":29}},"545":{"start":{"line":546,"column":0},"end":{"line":546,"column":56}},"547":{"start":{"line":548,"column":0},"end":{"line":548,"column":14}},"550":{"start":{"line":551,"column":0},"end":{"line":551,"column":30}},"551":{"start":{"line":552,"column":0},"end":{"line":552,"column":56}},"553":{"start":{"line":554,"column":0},"end":{"line":554,"column":14}},"556":{"start":{"line":557,"column":0},"end":{"line":557,"column":19}},"557":{"start":{"line":558,"column":0},"end":{"line":558,"column":50}},"558":{"start":{"line":559,"column":0},"end":{"line":559,"column":19}},"559":{"start":{"line":560,"column":0},"end":{"line":560,"column":14}},"562":{"start":{"line":563,"column":0},"end":{"line":563,"column":15}},"563":{"start":{"line":564,"column":0},"end":{"line":564,"column":23}},"564":{"start":{"line":565,"column":0},"end":{"line":565,"column":35}},"565":{"start":{"line":566,"column":0},"end":{"line":566,"column":31}},"566":{"start":{"line":567,"column":0},"end":{"line":567,"column":36}},"568":{"start":{"line":569,"column":0},"end":{"line":569,"column":67}},"569":{"start":{"line":570,"column":0},"end":{"line":570,"column":26}},"570":{"start":{"line":571,"column":0},"end":{"line":571,"column":17}},"572":{"start":{"line":573,"column":0},"end":{"line":573,"column":17}},"573":{"start":{"line":574,"column":0},"end":{"line":574,"column":16}},"574":{"start":{"line":575,"column":0},"end":{"line":575,"column":11}},"576":{"start":{"line":577,"column":0},"end":{"line":577,"column":1}},"578":{"start":{"line":579,"column":0},"end":{"line":579,"column":19}}},"s":{"0":1,"2":1,"3":1,"4":1,"5":1,"6":1,"7":1,"8":1,"9":1,"10":1,"11":1,"12":1,"13":1,"16":1,"17":1,"18":1,"19":1,"20":1,"28":1,"29":1,"30":1,"31":1,"32":1,"34":1,"35":5,"36":5,"37":5,"38":5,"39":5,"40":5,"42":5,"43":5,"44":5,"45":5,"46":5,"47":5,"48":5,"49":5,"50":5,"51":5,"52":5,"53":5,"54":5,"55":5,"56":5,"57":5,"58":5,"61":1,"62":2,"64":2,"65":2,"66":2,"69":0,"70":0,"78":1,"79":2,"80":2,"81":2,"82":2,"83":2,"84":2,"85":2,"87":2,"88":0,"89":0,"91":2,"92":0,"93":0,"94":0,"96":2,"97":0,"98":0,"100":2,"101":0,"102":0,"104":2,"105":0,"106":0,"108":2,"110":0,"111":0,"113":2,"114":1,"115":1,"116":1,"117":1,"118":1,"119":1,"120":1,"121":1,"122":1,"123":0,"124":0,"125":1,"128":2,"129":1,"130":2,"131":2,"132":1,"133":1,"134":1,"135":1,"136":1,"137":1,"138":1,"139":1,"140":1,"141":1,"142":0,"143":0,"144":2,"147":2,"148":1,"149":1,"150":1,"151":1,"152":1,"153":2,"156":2,"157":1,"158":1,"159":0,"160":0,"161":0,"162":0,"163":0,"164":0,"165":0,"166":0,"168":1,"169":1,"170":2,"172":2,"173":2,"174":0,"175":0,"176":0,"177":0,"178":0,"179":0,"181":2,"182":2,"184":2,"185":2,"186":2,"187":2,"188":2,"189":2,"190":2,"191":2,"192":2,"193":0,"194":0,"195":0,"196":0,"197":0,"198":0,"200":0,"201":0,"202":0,"203":0,"204":0,"205":0,"207":0,"208":0,"209":0,"210":0,"211":0,"212":0,"214":0,"215":0,"216":0,"217":0,"218":0,"219":0,"221":0,"222":0,"223":0,"224":0,"225":0,"226":0,"228":0,"229":0,"231":2,"232":2,"233":2,"234":2,"235":2,"236":2,"237":0,"238":0,"239":0,"240":2,"242":2,"243":2,"244":2,"245":2,"246":2,"247":0,"248":0,"249":0,"250":2,"252":2,"253":2,"254":2,"255":2,"256":2,"257":0,"258":0,"259":0,"260":2,"262":2,"263":2,"266":2,"267":2,"268":2,"269":2,"270":2,"271":2,"273":2,"274":0,"275":0,"276":0,"278":2,"279":2,"280":2,"281":2,"283":2,"285":2,"286":2,"287":2,"288":2,"289":2,"290":2,"291":2,"292":2,"293":2,"294":2,"295":2,"297":2,"298":2,"299":2,"300":2,"301":2,"303":2,"304":2,"305":2,"306":2,"307":2,"308":2,"309":2,"310":2,"311":2,"313":2,"314":2,"315":2,"316":2,"317":2,"318":2,"319":2,"320":2,"321":2,"322":2,"323":2,"324":2,"325":2,"326":2,"327":2,"329":2,"332":7,"333":7,"334":7,"335":7,"336":7,"337":7,"340":7,"342":3,"343":3,"345":0,"347":0,"348":7,"350":7,"351":3,"352":3,"354":3,"355":3,"356":3,"357":3,"358":3,"359":3,"362":3,"363":1,"364":1,"365":1,"366":1,"367":1,"368":1,"369":1,"371":3,"372":0,"373":0,"375":1,"376":1,"377":1,"378":1,"380":1,"381":0,"382":0,"383":1,"384":3,"385":1,"386":1,"387":1,"388":1,"389":3,"390":3,"391":3,"392":3,"393":3,"394":3,"396":3,"398":3,"399":3,"400":3,"401":3,"402":7,"404":7,"405":1,"406":1,"407":1,"409":7,"410":0,"411":0,"412":0,"413":0,"414":0,"415":0,"416":0,"417":0,"418":0,"419":0,"420":0,"421":0,"422":0,"423":0,"424":0,"425":0,"427":7,"428":0,"430":0,"431":0,"432":0,"433":0,"434":0,"435":0,"436":0,"437":0,"438":0,"439":0,"440":0,"442":0,"443":0,"444":0,"445":0,"448":0,"449":0,"450":0,"451":0,"452":0,"453":0,"454":0,"455":0,"456":0,"457":0,"458":0,"459":0,"460":0,"462":0,"463":0,"464":0,"465":0,"468":0,"469":0,"470":0,"471":0,"472":0,"473":0,"474":0,"475":0,"476":0,"477":0,"478":0,"480":0,"481":0,"482":0,"483":0,"484":0,"487":0,"488":0,"489":0,"491":0,"492":0,"493":0,"495":0,"496":0,"497":0,"498":0,"499":0,"500":0,"501":0,"502":0,"504":7,"506":0,"507":0,"510":7,"511":0,"512":0,"513":0,"514":0,"515":0,"516":0,"518":0,"520":7,"521":1,"522":1,"523":1,"524":1,"526":1,"528":6,"529":6,"530":6,"531":6,"532":6,"533":6,"534":6,"535":6,"536":6,"538":6,"540":6,"541":6,"542":6,"544":6,"545":3,"547":3,"550":7,"551":3,"553":3,"556":7,"557":1,"558":1,"559":1,"562":7,"563":7,"564":7,"565":7,"566":7,"568":7,"569":7,"570":7,"572":7,"573":7,"574":7,"576":7,"578":1},"branchMap":{"0":{"type":"branch","line":35,"loc":{"start":{"line":35,"column":19},"end":{"line":59,"column":8}},"locations":[{"start":{"line":35,"column":19},"end":{"line":59,"column":8}}]},"1":{"type":"branch","line":62,"loc":{"start":{"line":62,"column":22},"end":{"line":71,"column":2}},"locations":[{"start":{"line":62,"column":22},"end":{"line":71,"column":2}}]},"2":{"type":"branch","line":63,"loc":{"start":{"line":63,"column":13},"end":{"line":63,"column":31}},"locations":[{"start":{"line":63,"column":13},"end":{"line":63,"column":31}}]},"3":{"type":"branch","line":65,"loc":{"start":{"line":65,"column":15},"end":{"line":65,"column":53}},"locations":[{"start":{"line":65,"column":15},"end":{"line":65,"column":53}}]},"4":{"type":"branch","line":65,"loc":{"start":{"line":65,"column":38},"end":{"line":65,"column":75}},"locations":[{"start":{"line":65,"column":38},"end":{"line":65,"column":75}}]},"5":{"type":"branch","line":67,"loc":{"start":{"line":67,"column":2},"end":{"line":71,"column":2}},"locations":[{"start":{"line":67,"column":2},"end":{"line":71,"column":2}}]},"6":{"type":"branch","line":79,"loc":{"start":{"line":79,"column":22},"end":{"line":330,"column":2}},"locations":[{"start":{"line":79,"column":22},"end":{"line":330,"column":2}}]},"7":{"type":"branch","line":84,"loc":{"start":{"line":84,"column":22},"end":{"line":84,"column":45}},"locations":[{"start":{"line":84,"column":22},"end":{"line":84,"column":45}}]},"8":{"type":"branch","line":85,"loc":{"start":{"line":85,"column":57},"end":{"line":85,"column":80}},"locations":[{"start":{"line":85,"column":57},"end":{"line":85,"column":80}}]},"9":{"type":"branch","line":193,"loc":{"start":{"line":193,"column":26},"end":{"line":230,"column":18}},"locations":[{"start":{"line":193,"column":26},"end":{"line":230,"column":18}}]},"10":{"type":"branch","line":271,"loc":{"start":{"line":271,"column":47},"end":{"line":271,"column":66}},"locations":[{"start":{"line":271,"column":47},"end":{"line":271,"column":66}}]},"11":{"type":"branch","line":272,"loc":{"start":{"line":272,"column":42},"end":{"line":272,"column":61}},"locations":[{"start":{"line":272,"column":42},"end":{"line":272,"column":61}}]},"12":{"type":"branch","line":274,"loc":{"start":{"line":274,"column":23},"end":{"line":277,"column":20}},"locations":[{"start":{"line":274,"column":23},"end":{"line":277,"column":20}}]},"13":{"type":"branch","line":298,"loc":{"start":{"line":298,"column":15},"end":{"line":298,"column":45}},"locations":[{"start":{"line":298,"column":15},"end":{"line":298,"column":45}}]},"14":{"type":"branch","line":114,"loc":{"start":{"line":114,"column":23},"end":{"line":126,"column":4}},"locations":[{"start":{"line":114,"column":23},"end":{"line":126,"column":4}}]},"15":{"type":"branch","line":123,"loc":{"start":{"line":123,"column":4},"end":{"line":125,"column":5}},"locations":[{"start":{"line":123,"column":4},"end":{"line":125,"column":5}}]},"16":{"type":"branch","line":129,"loc":{"start":{"line":129,"column":12},"end":{"line":131,"column":5}},"locations":[{"start":{"line":129,"column":12},"end":{"line":131,"column":5}}]},"17":{"type":"branch","line":132,"loc":{"start":{"line":132,"column":108},"end":{"line":145,"column":3}},"locations":[{"start":{"line":132,"column":108},"end":{"line":145,"column":3}}]},"18":{"type":"branch","line":134,"loc":{"start":{"line":134,"column":41},"end":{"line":134,"column":60}},"locations":[{"start":{"line":134,"column":41},"end":{"line":134,"column":60}}]},"19":{"type":"branch","line":137,"loc":{"start":{"line":137,"column":29},"end":{"line":137,"column":48}},"locations":[{"start":{"line":137,"column":29},"end":{"line":137,"column":48}}]},"20":{"type":"branch","line":138,"loc":{"start":{"line":138,"column":24},"end":{"line":138,"column":38}},"locations":[{"start":{"line":138,"column":24},"end":{"line":138,"column":38}}]},"21":{"type":"branch","line":139,"loc":{"start":{"line":139,"column":24},"end":{"line":139,"column":38}},"locations":[{"start":{"line":139,"column":24},"end":{"line":139,"column":38}}]},"22":{"type":"branch","line":140,"loc":{"start":{"line":140,"column":25},"end":{"line":140,"column":40}},"locations":[{"start":{"line":140,"column":25},"end":{"line":140,"column":40}}]},"23":{"type":"branch","line":142,"loc":{"start":{"line":142,"column":4},"end":{"line":144,"column":5}},"locations":[{"start":{"line":142,"column":4},"end":{"line":144,"column":5}}]},"24":{"type":"branch","line":148,"loc":{"start":{"line":148,"column":12},"end":{"line":154,"column":5}},"locations":[{"start":{"line":148,"column":12},"end":{"line":154,"column":5}}]},"25":{"type":"branch","line":149,"loc":{"start":{"line":149,"column":39},"end":{"line":149,"column":46}},"locations":[{"start":{"line":149,"column":39},"end":{"line":149,"column":46}}]},"26":{"type":"branch","line":157,"loc":{"start":{"line":157,"column":12},"end":{"line":171,"column":5}},"locations":[{"start":{"line":157,"column":12},"end":{"line":171,"column":5}}]},"27":{"type":"branch","line":158,"loc":{"start":{"line":158,"column":39},"end":{"line":158,"column":46}},"locations":[{"start":{"line":158,"column":39},"end":{"line":158,"column":46}}]},"28":{"type":"branch","line":170,"loc":{"start":{"line":170,"column":11},"end":{"line":170,"column":63}},"locations":[{"start":{"line":170,"column":11},"end":{"line":170,"column":63}}]},"29":{"type":"branch","line":173,"loc":{"start":{"line":173,"column":24},"end":{"line":183,"column":4}},"locations":[{"start":{"line":173,"column":24},"end":{"line":183,"column":4}}]},"30":{"type":"branch","line":174,"loc":{"start":{"line":174,"column":36},"end":{"line":180,"column":5}},"locations":[{"start":{"line":174,"column":36},"end":{"line":180,"column":5}}]},"31":{"type":"branch","line":333,"loc":{"start":{"line":333,"column":0},"end":{"line":577,"column":1}},"locations":[{"start":{"line":333,"column":0},"end":{"line":577,"column":1}}]},"32":{"type":"branch","line":511,"loc":{"start":{"line":511,"column":6},"end":{"line":511,"column":32}},"locations":[{"start":{"line":511,"column":6},"end":{"line":511,"column":32}}]},"33":{"type":"branch","line":511,"loc":{"start":{"line":511,"column":32},"end":{"line":519,"column":3}},"locations":[{"start":{"line":511,"column":32},"end":{"line":519,"column":3}}]},"34":{"type":"branch","line":521,"loc":{"start":{"line":521,"column":12},"end":{"line":527,"column":3}},"locations":[{"start":{"line":521,"column":12},"end":{"line":527,"column":3}}]},"35":{"type":"branch","line":527,"loc":{"start":{"line":527,"column":2},"end":{"line":545,"column":29}},"locations":[{"start":{"line":527,"column":2},"end":{"line":545,"column":29}}]},"36":{"type":"branch","line":545,"loc":{"start":{"line":545,"column":9},"end":{"line":548,"column":14}},"locations":[{"start":{"line":545,"column":9},"end":{"line":548,"column":14}}]},"37":{"type":"branch","line":551,"loc":{"start":{"line":551,"column":10},"end":{"line":554,"column":14}},"locations":[{"start":{"line":551,"column":10},"end":{"line":554,"column":14}}]},"38":{"type":"branch","line":557,"loc":{"start":{"line":557,"column":9},"end":{"line":560,"column":14}},"locations":[{"start":{"line":557,"column":9},"end":{"line":560,"column":14}}]},"39":{"type":"branch","line":341,"loc":{"start":{"line":341,"column":12},"end":{"line":349,"column":5}},"locations":[{"start":{"line":341,"column":12},"end":{"line":349,"column":5}}]},"40":{"type":"branch","line":344,"loc":{"start":{"line":344,"column":59},"end":{"line":348,"column":5}},"locations":[{"start":{"line":344,"column":59},"end":{"line":348,"column":5}}]},"41":{"type":"branch","line":351,"loc":{"start":{"line":351,"column":12},"end":{"line":403,"column":5}},"locations":[{"start":{"line":351,"column":12},"end":{"line":403,"column":5}}]},"42":{"type":"branch","line":355,"loc":{"start":{"line":355,"column":24},"end":{"line":395,"column":6}},"locations":[{"start":{"line":355,"column":24},"end":{"line":395,"column":6}}]},"43":{"type":"branch","line":360,"loc":{"start":{"line":360,"column":9},"end":{"line":363,"column":37}},"locations":[{"start":{"line":360,"column":9},"end":{"line":363,"column":37}}]},"44":{"type":"branch","line":363,"loc":{"start":{"line":363,"column":37},"end":{"line":372,"column":26}},"locations":[{"start":{"line":363,"column":37},"end":{"line":372,"column":26}}]},"45":{"type":"branch","line":372,"loc":{"start":{"line":372,"column":26},"end":{"line":374,"column":9}},"locations":[{"start":{"line":372,"column":26},"end":{"line":374,"column":9}}]},"46":{"type":"branch","line":374,"loc":{"start":{"line":374,"column":8},"end":{"line":384,"column":9}},"locations":[{"start":{"line":374,"column":8},"end":{"line":384,"column":9}}]},"47":{"type":"branch","line":381,"loc":{"start":{"line":381,"column":48},"end":{"line":383,"column":11}},"locations":[{"start":{"line":381,"column":48},"end":{"line":383,"column":11}}]},"48":{"type":"branch","line":385,"loc":{"start":{"line":385,"column":6},"end":{"line":390,"column":8}},"locations":[{"start":{"line":385,"column":6},"end":{"line":390,"column":8}}]},"49":{"type":"branch","line":386,"loc":{"start":{"line":386,"column":24},"end":{"line":386,"column":31}},"locations":[{"start":{"line":386,"column":24},"end":{"line":386,"column":31}}]},"50":{"type":"branch","line":387,"loc":{"start":{"line":387,"column":64},"end":{"line":387,"column":71}},"locations":[{"start":{"line":387,"column":64},"end":{"line":387,"column":71}}]},"51":{"type":"branch","line":390,"loc":{"start":{"line":390,"column":6},"end":{"line":390,"column":8}},"locations":[{"start":{"line":390,"column":6},"end":{"line":390,"column":8}}]},"52":{"type":"branch","line":399,"loc":{"start":{"line":399,"column":11},"end":{"line":402,"column":6}},"locations":[{"start":{"line":399,"column":11},"end":{"line":402,"column":6}}]},"53":{"type":"branch","line":405,"loc":{"start":{"line":405,"column":22},"end":{"line":408,"column":4}},"locations":[{"start":{"line":405,"column":22},"end":{"line":408,"column":4}}]}},"b":{"0":[5],"1":[2],"2":[0],"3":[0],"4":[0],"5":[0],"6":[2],"7":[1],"8":[0],"9":[0],"10":[0],"11":[0],"12":[0],"13":[0],"14":[1],"15":[0],"16":[1],"17":[1],"18":[0],"19":[0],"20":[0],"21":[0],"22":[0],"23":[0],"24":[1],"25":[0],"26":[1],"27":[0],"28":[1],"29":[2],"30":[0],"31":[7],"32":[0],"33":[0],"34":[1],"35":[6],"36":[3],"37":[3],"38":[1],"39":[3],"40":[0],"41":[3],"42":[3],"43":[2],"44":[1],"45":[0],"46":[1],"47":[0],"48":[1],"49":[0],"50":[0],"51":[2],"52":[3],"53":[1]},"fnMap":{"0":{"name":"GoogleLogo","decl":{"start":{"line":35,"column":19},"end":{"line":59,"column":8}},"loc":{"start":{"line":35,"column":19},"end":{"line":59,"column":8}},"line":35},"1":{"name":"normalizeRole","decl":{"start":{"line":62,"column":22},"end":{"line":71,"column":2}},"loc":{"start":{"line":62,"column":22},"end":{"line":71,"column":2}},"line":62},"2":{"name":"DashboardView","decl":{"start":{"line":79,"column":22},"end":{"line":330,"column":2}},"loc":{"start":{"line":79,"column":22},"end":{"line":330,"column":2}},"line":79},"3":{"name":"handleLogoutClick","decl":{"start":{"line":88,"column":28},"end":{"line":90,"column":4}},"loc":{"start":{"line":88,"column":28},"end":{"line":90,"column":4}},"line":88},"4":{"name":"handleLogoutConfirm","decl":{"start":{"line":92,"column":30},"end":{"line":95,"column":4}},"loc":{"start":{"line":92,"column":30},"end":{"line":95,"column":4}},"line":92},"5":{"name":"handleLogoutCancel","decl":{"start":{"line":97,"column":29},"end":{"line":99,"column":4}},"loc":{"start":{"line":97,"column":29},"end":{"line":99,"column":4}},"line":97},"6":{"name":"handleEditProfile","decl":{"start":{"line":101,"column":28},"end":{"line":103,"column":4}},"loc":{"start":{"line":101,"column":28},"end":{"line":103,"column":4}},"line":101},"7":{"name":"handleEditProfileClose","decl":{"start":{"line":105,"column":33},"end":{"line":107,"column":4}},"loc":{"start":{"line":105,"column":33},"end":{"line":107,"column":4}},"line":105},"8":{"name":"handleProfileUpdateSuccess","decl":{"start":{"line":109,"column":37},"end":{"line":112,"column":4}},"loc":{"start":{"line":109,"column":37},"end":{"line":112,"column":4}},"line":109},"9":{"name":"fetchProfile","decl":{"start":{"line":114,"column":23},"end":{"line":126,"column":4}},"loc":{"start":{"line":114,"column":23},"end":{"line":126,"column":4}},"line":114},"10":{"name":"onPop","decl":{"start":{"line":159,"column":18},"end":{"line":167,"column":6}},"loc":{"start":{"line":159,"column":18},"end":{"line":167,"column":6}},"line":159},"11":{"name":"renderContent","decl":{"start":{"line":173,"column":24},"end":{"line":183,"column":4}},"loc":{"start":{"line":173,"column":24},"end":{"line":183,"column":4}},"line":173},"12":{"name":"onClick","decl":{"start":{"line":198,"column":25},"end":{"line":198,"column":56}},"loc":{"start":{"line":198,"column":25},"end":{"line":198,"column":56}},"line":198},"13":{"name":"onClick","decl":{"start":{"line":205,"column":25},"end":{"line":205,"column":61}},"loc":{"start":{"line":205,"column":25},"end":{"line":205,"column":61}},"line":205},"14":{"name":"onClick","decl":{"start":{"line":212,"column":25},"end":{"line":212,"column":61}},"loc":{"start":{"line":212,"column":25},"end":{"line":212,"column":61}},"line":212},"15":{"name":"onClick","decl":{"start":{"line":219,"column":25},"end":{"line":219,"column":57}},"loc":{"start":{"line":219,"column":25},"end":{"line":219,"column":57}},"line":219},"16":{"name":"onClick","decl":{"start":{"line":226,"column":25},"end":{"line":226,"column":56}},"loc":{"start":{"line":226,"column":25},"end":{"line":226,"column":56}},"line":226},"17":{"name":"onClick","decl":{"start":{"line":237,"column":25},"end":{"line":240,"column":18}},"loc":{"start":{"line":237,"column":25},"end":{"line":240,"column":18}},"line":237},"18":{"name":"onClick","decl":{"start":{"line":247,"column":25},"end":{"line":250,"column":18}},"loc":{"start":{"line":247,"column":25},"end":{"line":250,"column":18}},"line":247},"19":{"name":"onClick","decl":{"start":{"line":257,"column":25},"end":{"line":260,"column":18}},"loc":{"start":{"line":257,"column":25},"end":{"line":260,"column":18}},"line":257},"20":{"name":"App","decl":{"start":{"line":333,"column":0},"end":{"line":577,"column":1}},"loc":{"start":{"line":333,"column":0},"end":{"line":577,"column":1}},"line":333},"21":{"name":"loadSession","decl":{"start":{"line":355,"column":24},"end":{"line":395,"column":6}},"loc":{"start":{"line":355,"column":24},"end":{"line":395,"column":6}},"line":355},"22":{"name":"handleLogin","decl":{"start":{"line":405,"column":22},"end":{"line":408,"column":4}},"loc":{"start":{"line":405,"column":22},"end":{"line":408,"column":4}},"line":405},"23":{"name":"handleLogout","decl":{"start":{"line":410,"column":23},"end":{"line":426,"column":4}},"loc":{"start":{"line":410,"column":23},"end":{"line":426,"column":4}},"line":410},"24":{"name":"handleRegistrationComplete","decl":{"start":{"line":428,"column":37},"end":{"line":503,"column":4}},"loc":{"start":{"line":428,"column":37},"end":{"line":503,"column":4}},"line":428},"25":{"name":"handleRegistrationCancel","decl":{"start":{"line":505,"column":35},"end":{"line":508,"column":4}},"loc":{"start":{"line":505,"column":35},"end":{"line":508,"column":4}},"line":505}},"f":{"0":5,"1":2,"2":2,"3":0,"4":0,"5":0,"6":0,"7":0,"8":0,"9":1,"10":0,"11":2,"12":0,"13":0,"14":0,"15":0,"16":0,"17":0,"18":0,"19":0,"20":7,"21":3,"22":1,"23":0,"24":0,"25":0}}
,"C:\\Users\\Aalok\\OneDrive\\Desktop\\SE_PROJECT\\ROSHNI_202301429\\frontend\\src\\config.ts": {"path":"C:\\Users\\Aalok\\OneDrive\\Desktop\\SE_PROJECT\\ROSHNI_202301429\\frontend\\src\\config.ts","all":false,"statementMap":{"0":{"start":{"line":1,"column":0},"end":{"line":1,"column":61}},"1":{"start":{"line":2,"column":0},"end":{"line":2,"column":95}},"3":{"start":{"line":4,"column":0},"end":{"line":4,"column":46}},"5":{"start":{"line":6,"column":0},"end":{"line":6,"column":30}},"6":{"start":{"line":7,"column":0},"end":{"line":7,"column":37}},"7":{"start":{"line":8,"column":0},"end":{"line":8,"column":44}},"8":{"start":{"line":9,"column":0},"end":{"line":9,"column":40}},"9":{"start":{"line":10,"column":0},"end":{"line":10,"column":62}},"10":{"start":{"line":11,"column":0},"end":{"line":11,"column":52}},"11":{"start":{"line":12,"column":0},"end":{"line":12,"column":52}},"12":{"start":{"line":13,"column":0},"end":{"line":13,"column":47}},"13":{"start":{"line":14,"column":0},"end":{"line":14,"column":48}},"14":{"start":{"line":15,"column":0},"end":{"line":15,"column":11}}},"s":{"0":1,"1":1,"3":1,"5":1,"6":1,"7":1,"8":1,"9":1,"10":1,"11":1,"12":1,"13":1,"14":1},"branchMap":{"0":{"type":"branch","line":1,"loc":{"start":{"line":1,"column":35},"end":{"line":1,"column":59}},"locations":[{"start":{"line":1,"column":35},"end":{"line":1,"column":59}}]},"1":{"type":"branch","line":2,"loc":{"start":{"line":2,"column":26},"end":{"line":2,"column":71}},"locations":[{"start":{"line":2,"column":26},"end":{"line":2,"column":71}}]}},"b":{"0":[0],"1":[0]},"fnMap":{},"f":{}}
,"C:\\Users\\Aalok\\OneDrive\\Desktop\\SE_PROJECT\\ROSHNI_202301429\\frontend\\src\\main.tsx": {"path":"C:\\Users\\Aalok\\OneDrive\\Desktop\\SE_PROJECT\\ROSHNI_202301429\\frontend\\src\\main.tsx","all":true,"statementMap":{"0":{"start":{"line":1,"column":0},"end":{"line":1,"column":34}},"1":{"start":{"line":2,"column":0},"end":{"line":2,"column":45}},"2":{"start":{"line":3,"column":0},"end":{"line":3,"column":20}},"3":{"start":{"line":4,"column":0},"end":{"line":4,"column":27}},"5":{"start":{"line":6,"column":0},"end":{"line":6,"column":52}},"6":{"start":{"line":7,"column":0},"end":{"line":7,"column":14}},"7":{"start":{"line":8,"column":0},"end":{"line":8,"column":11}},"8":{"start":{"line":9,"column":0},"end":{"line":9,"column":16}},"9":{"start":{"line":10,"column":0},"end":{"line":10,"column":1}}},"s":{"0":0,"1":0,"2":0,"3":0,"5":0,"6":0,"7":0,"8":0,"9":0},"branchMap":{"0":{"type":"branch","line":1,"loc":{"start":{"line":1,"column":238},"end":{"line":10,"column":1}},"locations":[{"start":{"line":1,"column":238},"end":{"line":10,"column":1}}]}},"b":{"0":[0]},"fnMap":{"0":{"name":"(empty-report)","decl":{"start":{"line":1,"column":238},"end":{"line":10,"column":1}},"loc":{"start":{"line":1,"column":238},"end":{"line":10,"column":1}},"line":1}},"f":{"0":0}}
,"C:\\Users\\Aalok\\OneDrive\\Desktop\\SE_PROJECT\\ROSHNI_202301429\\frontend\\src\\navigation.ts": {"path":"C:\\Users\\Aalok\\OneDrive\\Desktop\\SE_PROJECT\\ROSHNI_202301429\\frontend\\src\\navigation.ts","all":false,"statementMap":{"0":{"start":{"line":1,"column":0},"end":{"line":1,"column":44}},"1":{"start":{"line":2,"column":0},"end":{"line":2,"column":44}},"2":{"start":{"line":3,"column":0},"end":{"line":3,"column":30}},"3":{"start":{"line":4,"column":0},"end":{"line":4,"column":2}}},"s":{"0":1,"1":0,"2":0,"3":0},"branchMap":{},"b":{},"fnMap":{"0":{"name":"redirectTo","decl":{"start":{"line":1,"column":26},"end":{"line":4,"column":2}},"loc":{"start":{"line":1,"column":26},"end":{"line":4,"column":2}},"line":1}},"f":{"0":0}}
,"C:\\Users\\Aalok\\OneDrive\\Desktop\\SE_PROJECT\\ROSHNI_202301429\\frontend\\src\\types.ts": {"path":"C:\\Users\\Aalok\\OneDrive\\Desktop\\SE_PROJECT\\ROSHNI_202301429\\frontend\\src\\types.ts","all":true,"statementMap":{},"s":{},"branchMap":{"0":{"type":"branch","line":1,"loc":{"start":{"line":1,"column":308},"end":{"line":15,"column":2}},"locations":[{"start":{"line":1,"column":308},"end":{"line":15,"column":2}}]}},"b":{"0":[1]},"fnMap":{"0":{"name":"(empty-report)","decl":{"start":{"line":1,"column":308},"end":{"line":15,"column":2}},"loc":{"start":{"line":1,"column":308},"end":{"line":15,"column":2}},"line":1}},"f":{"0":1}}
,"C:\\Users\\Aalok\\OneDrive\\Desktop\\SE_PROJECT\\ROSHNI_202301429\\frontend\\src\\components\\ChatGroups.tsx": {"path":"C:\\Users\\Aalok\\OneDrive\\Desktop\\SE_PROJECT\\ROSHNI_202301429\\frontend\\src\\components\\ChatGroups.tsx","all":false,"statementMap":{"0":{"start":{"line":1,"column":0},"end":{"line":1,"column":52}},"1":{"start":{"line":2,"column":0},"end":{"line":2,"column":42}},"2":{"start":{"line":3,"column":0},"end":{"line":3,"column":26}},"36":{"start":{"line":37,"column":0},"end":{"line":37,"column":69}},"37":{"start":{"line":38,"column":0},"end":{"line":38,"column":56}},"38":{"start":{"line":39,"column":0},"end":{"line":39,"column":74}},"39":{"start":{"line":40,"column":0},"end":{"line":40,"column":62}},"40":{"start":{"line":41,"column":0},"end":{"line":41,"column":51}},"41":{"start":{"line":42,"column":0},"end":{"line":42,"column":56}},"42":{"start":{"line":43,"column":0},"end":{"line":43,"column":50}},"43":{"start":{"line":44,"column":0},"end":{"line":44,"column":42}},"44":{"start":{"line":45,"column":0},"end":{"line":45,"column":48}},"45":{"start":{"line":46,"column":0},"end":{"line":46,"column":48}},"46":{"start":{"line":47,"column":0},"end":{"line":47,"column":58}},"48":{"start":{"line":49,"column":0},"end":{"line":49,"column":19}},"49":{"start":{"line":50,"column":0},"end":{"line":50,"column":18}},"50":{"start":{"line":51,"column":0},"end":{"line":51,"column":23}},"52":{"start":{"line":53,"column":0},"end":{"line":53,"column":19}},"53":{"start":{"line":54,"column":0},"end":{"line":54,"column":24}},"54":{"start":{"line":55,"column":0},"end":{"line":55,"column":35}},"56":{"start":{"line":57,"column":0},"end":{"line":57,"column":42}},"57":{"start":{"line":58,"column":0},"end":{"line":58,"column":37}},"58":{"start":{"line":59,"column":0},"end":{"line":59,"column":15}},"59":{"start":{"line":60,"column":0},"end":{"line":60,"column":43}},"60":{"start":{"line":61,"column":0},"end":{"line":61,"column":5}},"61":{"start":{"line":62,"column":0},"end":{"line":62,"column":22}},"63":{"start":{"line":64,"column":0},"end":{"line":64,"column":35}},"64":{"start":{"line":65,"column":0},"end":{"line":65,"column":21}},"65":{"start":{"line":66,"column":0},"end":{"line":66,"column":19}},"66":{"start":{"line":67,"column":0},"end":{"line":67,"column":9}},"67":{"start":{"line":68,"column":0},"end":{"line":68,"column":62}},"68":{"start":{"line":69,"column":0},"end":{"line":69,"column":31}},"69":{"start":{"line":70,"column":0},"end":{"line":70,"column":9}},"71":{"start":{"line":72,"column":0},"end":{"line":72,"column":66}},"73":{"start":{"line":74,"column":0},"end":{"line":74,"column":41}},"74":{"start":{"line":75,"column":0},"end":{"line":75,"column":22}},"75":{"start":{"line":76,"column":0},"end":{"line":76,"column":19}},"76":{"start":{"line":77,"column":0},"end":{"line":77,"column":77}},"77":{"start":{"line":78,"column":0},"end":{"line":78,"column":15}},"78":{"start":{"line":79,"column":0},"end":{"line":79,"column":24}},"79":{"start":{"line":80,"column":0},"end":{"line":80,"column":5}},"80":{"start":{"line":81,"column":0},"end":{"line":81,"column":4}},"82":{"start":{"line":83,"column":0},"end":{"line":83,"column":52}},"83":{"start":{"line":84,"column":0},"end":{"line":84,"column":9}},"84":{"start":{"line":85,"column":0},"end":{"line":85,"column":87}},"85":{"start":{"line":86,"column":0},"end":{"line":86,"column":31}},"86":{"start":{"line":87,"column":0},"end":{"line":87,"column":9}},"88":{"start":{"line":89,"column":0},"end":{"line":89,"column":68}},"90":{"start":{"line":91,"column":0},"end":{"line":91,"column":41}},"91":{"start":{"line":92,"column":0},"end":{"line":92,"column":24}},"92":{"start":{"line":93,"column":0},"end":{"line":93,"column":19}},"93":{"start":{"line":94,"column":0},"end":{"line":94,"column":53}},"94":{"start":{"line":95,"column":0},"end":{"line":95,"column":5}},"95":{"start":{"line":96,"column":0},"end":{"line":96,"column":4}},"97":{"start":{"line":98,"column":0},"end":{"line":98,"column":59}},"98":{"start":{"line":99,"column":0},"end":{"line":99,"column":23}},"100":{"start":{"line":101,"column":0},"end":{"line":101,"column":53}},"102":{"start":{"line":103,"column":0},"end":{"line":103,"column":21}},"103":{"start":{"line":104,"column":0},"end":{"line":104,"column":9}},"104":{"start":{"line":105,"column":0},"end":{"line":105,"column":93}},"105":{"start":{"line":106,"column":0},"end":{"line":106,"column":23}},"106":{"start":{"line":107,"column":0},"end":{"line":107,"column":18}},"107":{"start":{"line":108,"column":0},"end":{"line":108,"column":45}},"108":{"start":{"line":109,"column":0},"end":{"line":109,"column":10}},"109":{"start":{"line":110,"column":0},"end":{"line":110,"column":31}},"110":{"start":{"line":111,"column":0},"end":{"line":111,"column":30}},"111":{"start":{"line":112,"column":0},"end":{"line":112,"column":27}},"112":{"start":{"line":113,"column":0},"end":{"line":113,"column":11}},"113":{"start":{"line":114,"column":0},"end":{"line":114,"column":9}},"115":{"start":{"line":116,"column":0},"end":{"line":116,"column":66}},"117":{"start":{"line":118,"column":0},"end":{"line":118,"column":48}},"118":{"start":{"line":119,"column":0},"end":{"line":119,"column":52}},"119":{"start":{"line":120,"column":0},"end":{"line":120,"column":24}},"120":{"start":{"line":121,"column":0},"end":{"line":121,"column":19}},"121":{"start":{"line":122,"column":0},"end":{"line":122,"column":52}},"122":{"start":{"line":123,"column":0},"end":{"line":123,"column":15}},"123":{"start":{"line":124,"column":0},"end":{"line":124,"column":24}},"124":{"start":{"line":125,"column":0},"end":{"line":125,"column":5}},"125":{"start":{"line":126,"column":0},"end":{"line":126,"column":4}},"127":{"start":{"line":128,"column":0},"end":{"line":128,"column":33}},"128":{"start":{"line":129,"column":0},"end":{"line":129,"column":62}},"129":{"start":{"line":130,"column":0},"end":{"line":130,"column":107}},"130":{"start":{"line":131,"column":0},"end":{"line":131,"column":40}},"132":{"start":{"line":133,"column":0},"end":{"line":133,"column":42}},"133":{"start":{"line":134,"column":0},"end":{"line":134,"column":25}},"134":{"start":{"line":135,"column":0},"end":{"line":135,"column":32}},"135":{"start":{"line":136,"column":0},"end":{"line":136,"column":29}},"137":{"start":{"line":138,"column":0},"end":{"line":138,"column":27}},"138":{"start":{"line":139,"column":0},"end":{"line":139,"column":27}},"139":{"start":{"line":140,"column":0},"end":{"line":140,"column":40}},"140":{"start":{"line":141,"column":0},"end":{"line":141,"column":6}},"142":{"start":{"line":143,"column":0},"end":{"line":143,"column":38}},"143":{"start":{"line":144,"column":0},"end":{"line":144,"column":26}},"144":{"start":{"line":145,"column":0},"end":{"line":145,"column":70}},"145":{"start":{"line":146,"column":0},"end":{"line":146,"column":53}},"146":{"start":{"line":147,"column":0},"end":{"line":147,"column":7}},"147":{"start":{"line":148,"column":0},"end":{"line":148,"column":55}},"148":{"start":{"line":149,"column":0},"end":{"line":149,"column":6}},"150":{"start":{"line":151,"column":0},"end":{"line":151,"column":34}},"151":{"start":{"line":152,"column":0},"end":{"line":152,"column":28}},"152":{"start":{"line":153,"column":0},"end":{"line":153,"column":6}},"154":{"start":{"line":155,"column":0},"end":{"line":155,"column":25}},"155":{"start":{"line":156,"column":0},"end":{"line":156,"column":28}},"156":{"start":{"line":157,"column":0},"end":{"line":157,"column":50}},"157":{"start":{"line":158,"column":0},"end":{"line":158,"column":6}},"159":{"start":{"line":160,"column":0},"end":{"line":160,"column":35}},"160":{"start":{"line":161,"column":0},"end":{"line":161,"column":17}},"161":{"start":{"line":162,"column":0},"end":{"line":162,"column":4}},"163":{"start":{"line":164,"column":0},"end":{"line":164,"column":33}},"164":{"start":{"line":165,"column":0},"end":{"line":165,"column":36}},"165":{"start":{"line":166,"column":0},"end":{"line":166,"column":17}},"166":{"start":{"line":167,"column":0},"end":{"line":167,"column":68}},"167":{"start":{"line":168,"column":0},"end":{"line":168,"column":13}},"168":{"start":{"line":169,"column":0},"end":{"line":169,"column":5}},"170":{"start":{"line":171,"column":0},"end":{"line":171,"column":22}},"171":{"start":{"line":172,"column":0},"end":{"line":172,"column":19}},"172":{"start":{"line":173,"column":0},"end":{"line":173,"column":28}},"173":{"start":{"line":174,"column":0},"end":{"line":174,"column":13}},"174":{"start":{"line":175,"column":0},"end":{"line":175,"column":5}},"176":{"start":{"line":177,"column":0},"end":{"line":177,"column":9}},"177":{"start":{"line":178,"column":0},"end":{"line":178,"column":20}},"178":{"start":{"line":179,"column":0},"end":{"line":179,"column":19}},"179":{"start":{"line":180,"column":0},"end":{"line":180,"column":58}},"180":{"start":{"line":181,"column":0},"end":{"line":181,"column":5}},"181":{"start":{"line":182,"column":0},"end":{"line":182,"column":4}},"183":{"start":{"line":184,"column":0},"end":{"line":184,"column":19}},"184":{"start":{"line":185,"column":0},"end":{"line":185,"column":18}},"185":{"start":{"line":186,"column":0},"end":{"line":186,"column":35}},"186":{"start":{"line":187,"column":0},"end":{"line":187,"column":13}},"187":{"start":{"line":188,"column":0},"end":{"line":188,"column":49}},"188":{"start":{"line":189,"column":0},"end":{"line":189,"column":46}},"189":{"start":{"line":190,"column":0},"end":{"line":190,"column":48}},"190":{"start":{"line":191,"column":0},"end":{"line":191,"column":48}},"191":{"start":{"line":192,"column":0},"end":{"line":192,"column":42}},"192":{"start":{"line":193,"column":0},"end":{"line":193,"column":21}},"194":{"start":{"line":195,"column":0},"end":{"line":195,"column":9}},"195":{"start":{"line":196,"column":0},"end":{"line":196,"column":38}},"196":{"start":{"line":197,"column":0},"end":{"line":197,"column":7}},"197":{"start":{"line":198,"column":0},"end":{"line":198,"column":6}},"198":{"start":{"line":199,"column":0},"end":{"line":199,"column":9}},"200":{"start":{"line":201,"column":0},"end":{"line":201,"column":71}},"202":{"start":{"line":203,"column":0},"end":{"line":203,"column":16}},"203":{"start":{"line":204,"column":0},"end":{"line":204,"column":72}},"204":{"start":{"line":205,"column":0},"end":{"line":205,"column":3}},"206":{"start":{"line":207,"column":0},"end":{"line":207,"column":14}},"207":{"start":{"line":208,"column":0},"end":{"line":208,"column":60}},"208":{"start":{"line":209,"column":0},"end":{"line":209,"column":3}},"210":{"start":{"line":211,"column":0},"end":{"line":211,"column":28}},"211":{"start":{"line":212,"column":0},"end":{"line":212,"column":12}},"212":{"start":{"line":213,"column":0},"end":{"line":213,"column":41}},"213":{"start":{"line":214,"column":0},"end":{"line":214,"column":44}},"214":{"start":{"line":215,"column":0},"end":{"line":215,"column":38}},"216":{"start":{"line":217,"column":0},"end":{"line":217,"column":12}},"217":{"start":{"line":218,"column":0},"end":{"line":218,"column":12}},"219":{"start":{"line":220,"column":0},"end":{"line":220,"column":3}},"221":{"start":{"line":222,"column":0},"end":{"line":222,"column":10}},"222":{"start":{"line":223,"column":0},"end":{"line":223,"column":43}},"223":{"start":{"line":224,"column":0},"end":{"line":224,"column":38}},"224":{"start":{"line":225,"column":0},"end":{"line":225,"column":54}},"225":{"start":{"line":226,"column":0},"end":{"line":226,"column":37}},"226":{"start":{"line":227,"column":0},"end":{"line":227,"column":34}},"227":{"start":{"line":228,"column":0},"end":{"line":228,"column":16}},"228":{"start":{"line":229,"column":0},"end":{"line":229,"column":28}},"229":{"start":{"line":230,"column":0},"end":{"line":230,"column":84}},"230":{"start":{"line":231,"column":0},"end":{"line":231,"column":56}},"232":{"start":{"line":233,"column":0},"end":{"line":233,"column":49}},"233":{"start":{"line":234,"column":0},"end":{"line":234,"column":62}},"234":{"start":{"line":235,"column":0},"end":{"line":235,"column":89}},"235":{"start":{"line":236,"column":0},"end":{"line":236,"column":20}},"236":{"start":{"line":237,"column":0},"end":{"line":237,"column":37}},"237":{"start":{"line":238,"column":0},"end":{"line":238,"column":52}},"238":{"start":{"line":239,"column":0},"end":{"line":239,"column":99}},"239":{"start":{"line":240,"column":0},"end":{"line":240,"column":59}},"240":{"start":{"line":241,"column":0},"end":{"line":241,"column":67}},"241":{"start":{"line":242,"column":0},"end":{"line":242,"column":22}},"243":{"start":{"line":244,"column":0},"end":{"line":244,"column":18}},"244":{"start":{"line":245,"column":0},"end":{"line":245,"column":13}},"245":{"start":{"line":246,"column":0},"end":{"line":246,"column":14}},"246":{"start":{"line":247,"column":0},"end":{"line":247,"column":12}},"248":{"start":{"line":249,"column":0},"end":{"line":249,"column":33}},"249":{"start":{"line":250,"column":0},"end":{"line":250,"column":30}},"250":{"start":{"line":251,"column":0},"end":{"line":251,"column":12}},"251":{"start":{"line":252,"column":0},"end":{"line":252,"column":41}},"252":{"start":{"line":253,"column":0},"end":{"line":253,"column":19}},"253":{"start":{"line":254,"column":0},"end":{"line":254,"column":77}},"254":{"start":{"line":255,"column":0},"end":{"line":255,"column":46}},"255":{"start":{"line":256,"column":0},"end":{"line":256,"column":75}},"256":{"start":{"line":257,"column":0},"end":{"line":257,"column":22}},"257":{"start":{"line":258,"column":0},"end":{"line":258,"column":20}},"258":{"start":{"line":259,"column":0},"end":{"line":259,"column":18}},"260":{"start":{"line":261,"column":0},"end":{"line":261,"column":48}},"261":{"start":{"line":262,"column":0},"end":{"line":262,"column":40}},"262":{"start":{"line":263,"column":0},"end":{"line":263,"column":45}},"263":{"start":{"line":264,"column":0},"end":{"line":264,"column":65}},"264":{"start":{"line":265,"column":0},"end":{"line":265,"column":22}},"266":{"start":{"line":267,"column":0},"end":{"line":267,"column":39}},"267":{"start":{"line":268,"column":0},"end":{"line":268,"column":22}},"268":{"start":{"line":269,"column":0},"end":{"line":269,"column":32}},"269":{"start":{"line":270,"column":0},"end":{"line":270,"column":89}},"271":{"start":{"line":272,"column":0},"end":{"line":272,"column":74}},"272":{"start":{"line":273,"column":0},"end":{"line":273,"column":66}},"273":{"start":{"line":274,"column":0},"end":{"line":274,"column":50}},"274":{"start":{"line":275,"column":0},"end":{"line":275,"column":64}},"275":{"start":{"line":276,"column":0},"end":{"line":276,"column":26}},"276":{"start":{"line":277,"column":0},"end":{"line":277,"column":24}},"277":{"start":{"line":278,"column":0},"end":{"line":278,"column":18}},"279":{"start":{"line":280,"column":0},"end":{"line":280,"column":18}},"281":{"start":{"line":282,"column":0},"end":{"line":282,"column":78}},"282":{"start":{"line":283,"column":0},"end":{"line":283,"column":20}},"283":{"start":{"line":284,"column":0},"end":{"line":284,"column":27}},"284":{"start":{"line":285,"column":0},"end":{"line":285,"column":34}},"285":{"start":{"line":286,"column":0},"end":{"line":286,"column":63}},"286":{"start":{"line":287,"column":0},"end":{"line":287,"column":47}},"287":{"start":{"line":288,"column":0},"end":{"line":288,"column":41}},"288":{"start":{"line":289,"column":0},"end":{"line":289,"column":34}},"289":{"start":{"line":290,"column":0},"end":{"line":290,"column":16}},"291":{"start":{"line":292,"column":0},"end":{"line":292,"column":21}},"292":{"start":{"line":293,"column":0},"end":{"line":293,"column":29}},"293":{"start":{"line":294,"column":0},"end":{"line":294,"column":42}},"294":{"start":{"line":295,"column":0},"end":{"line":295,"column":41}},"295":{"start":{"line":296,"column":0},"end":{"line":296,"column":77}},"296":{"start":{"line":297,"column":0},"end":{"line":297,"column":74}},"298":{"start":{"line":299,"column":0},"end":{"line":299,"column":43}},"299":{"start":{"line":300,"column":0},"end":{"line":300,"column":23}},"301":{"start":{"line":302,"column":0},"end":{"line":302,"column":101}},"302":{"start":{"line":303,"column":0},"end":{"line":303,"column":49}},"303":{"start":{"line":304,"column":0},"end":{"line":304,"column":23}},"304":{"start":{"line":305,"column":0},"end":{"line":305,"column":19}},"305":{"start":{"line":306,"column":0},"end":{"line":306,"column":13}},"307":{"start":{"line":308,"column":0},"end":{"line":308,"column":45}},"308":{"start":{"line":309,"column":0},"end":{"line":309,"column":50}},"309":{"start":{"line":310,"column":0},"end":{"line":310,"column":16}},"311":{"start":{"line":312,"column":0},"end":{"line":312,"column":12}},"312":{"start":{"line":313,"column":0},"end":{"line":313,"column":10}},"314":{"start":{"line":315,"column":0},"end":{"line":315,"column":2}},"316":{"start":{"line":317,"column":0},"end":{"line":317,"column":26}}},"s":{"0":1,"1":1,"2":1,"36":1,"37":0,"38":0,"39":0,"40":0,"41":0,"42":0,"43":0,"44":0,"45":0,"46":0,"48":0,"49":0,"50":0,"52":0,"53":0,"54":0,"56":0,"57":0,"58":0,"59":0,"60":0,"61":0,"63":0,"64":0,"65":0,"66":0,"67":0,"68":0,"69":0,"71":0,"73":0,"74":0,"75":0,"76":0,"77":0,"78":0,"79":0,"80":0,"82":0,"83":0,"84":0,"85":0,"86":0,"88":0,"90":0,"91":0,"92":0,"93":0,"94":0,"95":0,"97":0,"98":0,"100":0,"102":0,"103":0,"104":0,"105":0,"106":0,"107":0,"108":0,"109":0,"110":0,"111":0,"112":0,"113":0,"115":0,"117":0,"118":0,"119":0,"120":0,"121":0,"122":0,"123":0,"124":0,"125":0,"127":0,"128":0,"129":0,"130":0,"132":0,"133":0,"134":0,"135":0,"137":0,"138":0,"139":0,"140":0,"142":0,"143":0,"144":0,"145":0,"146":0,"147":0,"148":0,"150":0,"151":0,"152":0,"154":0,"155":0,"156":0,"157":0,"159":0,"160":0,"161":0,"163":0,"164":0,"165":0,"166":0,"167":0,"168":0,"170":0,"171":0,"172":0,"173":0,"174":0,"176":0,"177":0,"178":0,"179":0,"180":0,"181":0,"183":0,"184":0,"185":0,"186":0,"187":0,"188":0,"189":0,"190":0,"191":0,"192":0,"194":0,"195":0,"196":0,"197":0,"198":0,"200":0,"202":0,"203":0,"204":0,"206":0,"207":0,"208":0,"210":0,"211":0,"212":0,"213":0,"214":0,"216":0,"217":0,"219":0,"221":0,"222":0,"223":0,"224":0,"225":0,"226":0,"227":0,"228":0,"229":0,"230":0,"232":0,"233":0,"234":0,"235":0,"236":0,"237":0,"238":0,"239":0,"240":0,"241":0,"243":0,"244":0,"245":0,"246":0,"248":0,"249":0,"250":0,"251":0,"252":0,"253":0,"254":0,"255":0,"256":0,"257":0,"258":0,"260":0,"261":0,"262":0,"263":0,"264":0,"266":0,"267":0,"268":0,"269":0,"271":0,"272":0,"273":0,"274":0,"275":0,"276":0,"277":0,"279":0,"281":0,"282":0,"283":0,"284":0,"285":0,"286":0,"287":0,"288":0,"289":0,"291":0,"292":0,"293":0,"294":0,"295":0,"296":0,"298":0,"299":0,"301":0,"302":0,"303":0,"304":0,"305":0,"307":0,"308":0,"309":0,"311":0,"312":0,"314":0,"316":1},"branchMap":{},"b":{},"fnMap":{"0":{"name":"ChatGroups","decl":{"start":{"line":37,"column":19},"end":{"line":315,"column":2}},"loc":{"start":{"line":37,"column":19},"end":{"line":315,"column":2}},"line":37}},"f":{"0":0}}
,"C:\\Users\\Aalok\\OneDrive\\Desktop\\SE_PROJECT\\ROSHNI_202301429\\frontend\\src\\components\\EditProfileModal.tsx": {"path":"C:\\Users\\Aalok\\OneDrive\\Desktop\\SE_PROJECT\\ROSHNI_202301429\\frontend\\src\\components\\EditProfileModal.tsx","all":false,"statementMap":{"0":{"start":{"line":1,"column":0},"end":{"line":1,"column":51}},"2":{"start":{"line":3,"column":0},"end":{"line":3,"column":41}},"3":{"start":{"line":4,"column":0},"end":{"line":4,"column":32}},"23":{"start":{"line":24,"column":0},"end":{"line":24,"column":95}},"24":{"start":{"line":25,"column":0},"end":{"line":25,"column":48}},"25":{"start":{"line":26,"column":0},"end":{"line":26,"column":63}},"26":{"start":{"line":27,"column":0},"end":{"line":27,"column":18}},"27":{"start":{"line":28,"column":0},"end":{"line":28,"column":14}},"28":{"start":{"line":29,"column":0},"end":{"line":29,"column":21}},"29":{"start":{"line":30,"column":0},"end":{"line":30,"column":16}},"30":{"start":{"line":31,"column":0},"end":{"line":31,"column":22}},"31":{"start":{"line":32,"column":0},"end":{"line":32,"column":31}},"32":{"start":{"line":33,"column":0},"end":{"line":33,"column":32}},"33":{"start":{"line":34,"column":0},"end":{"line":34,"column":20}},"34":{"start":{"line":35,"column":0},"end":{"line":35,"column":23}},"35":{"start":{"line":36,"column":0},"end":{"line":36,"column":5}},"37":{"start":{"line":38,"column":0},"end":{"line":38,"column":19}},"38":{"start":{"line":39,"column":0},"end":{"line":39,"column":17}},"39":{"start":{"line":40,"column":0},"end":{"line":40,"column":21}},"40":{"start":{"line":41,"column":0},"end":{"line":41,"column":5}},"41":{"start":{"line":42,"column":0},"end":{"line":42,"column":15}},"43":{"start":{"line":44,"column":0},"end":{"line":44,"column":36}},"44":{"start":{"line":45,"column":0},"end":{"line":45,"column":9}},"45":{"start":{"line":46,"column":0},"end":{"line":46,"column":72}},"46":{"start":{"line":47,"column":0},"end":{"line":47,"column":30}},"47":{"start":{"line":48,"column":0},"end":{"line":48,"column":9}},"48":{"start":{"line":49,"column":0},"end":{"line":49,"column":24}},"49":{"start":{"line":50,"column":0},"end":{"line":50,"column":43}},"50":{"start":{"line":51,"column":0},"end":{"line":51,"column":24}},"51":{"start":{"line":52,"column":0},"end":{"line":52,"column":42}},"52":{"start":{"line":53,"column":0},"end":{"line":53,"column":34}},"53":{"start":{"line":54,"column":0},"end":{"line":54,"column":48}},"54":{"start":{"line":55,"column":0},"end":{"line":55,"column":38}},"55":{"start":{"line":56,"column":0},"end":{"line":56,"column":50}},"56":{"start":{"line":57,"column":0},"end":{"line":57,"column":68}},"57":{"start":{"line":58,"column":0},"end":{"line":58,"column":70}},"58":{"start":{"line":59,"column":0},"end":{"line":59,"column":46}},"59":{"start":{"line":60,"column":0},"end":{"line":60,"column":53}},"60":{"start":{"line":61,"column":0},"end":{"line":61,"column":11}},"61":{"start":{"line":62,"column":0},"end":{"line":62,"column":7}},"62":{"start":{"line":63,"column":0},"end":{"line":63,"column":21}},"63":{"start":{"line":64,"column":0},"end":{"line":64,"column":55}},"64":{"start":{"line":65,"column":0},"end":{"line":65,"column":5}},"65":{"start":{"line":66,"column":0},"end":{"line":66,"column":4}},"67":{"start":{"line":68,"column":0},"end":{"line":68,"column":48}},"68":{"start":{"line":69,"column":0},"end":{"line":69,"column":23}},"69":{"start":{"line":70,"column":0},"end":{"line":70,"column":21}},"71":{"start":{"line":72,"column":0},"end":{"line":72,"column":9}},"73":{"start":{"line":74,"column":0},"end":{"line":74,"column":79}},"74":{"start":{"line":75,"column":0},"end":{"line":75,"column":22}},"75":{"start":{"line":76,"column":0},"end":{"line":76,"column":56}},"76":{"start":{"line":77,"column":0},"end":{"line":77,"column":31}},"77":{"start":{"line":78,"column":0},"end":{"line":78,"column":30}},"78":{"start":{"line":79,"column":0},"end":{"line":79,"column":39}},"79":{"start":{"line":80,"column":0},"end":{"line":80,"column":69}},"80":{"start":{"line":81,"column":0},"end":{"line":81,"column":70}},"81":{"start":{"line":82,"column":0},"end":{"line":82,"column":10}},"82":{"start":{"line":83,"column":0},"end":{"line":83,"column":9}},"85":{"start":{"line":86,"column":0},"end":{"line":86,"column":79}},"86":{"start":{"line":87,"column":0},"end":{"line":87,"column":22}},"87":{"start":{"line":88,"column":0},"end":{"line":88,"column":56}},"88":{"start":{"line":89,"column":0},"end":{"line":89,"column":31}},"89":{"start":{"line":90,"column":0},"end":{"line":90,"column":30}},"90":{"start":{"line":91,"column":0},"end":{"line":91,"column":47}},"91":{"start":{"line":92,"column":0},"end":{"line":92,"column":54}},"92":{"start":{"line":93,"column":0},"end":{"line":93,"column":10}},"93":{"start":{"line":94,"column":0},"end":{"line":94,"column":9}},"95":{"start":{"line":96,"column":0},"end":{"line":96,"column":53}},"96":{"start":{"line":97,"column":0},"end":{"line":97,"column":47}},"97":{"start":{"line":98,"column":0},"end":{"line":98,"column":20}},"98":{"start":{"line":99,"c
[...]
olumn":5}},"locations":[{"start":{"line":22,"column":12},"end":{"line":51,"column":5}}]},"12":{"type":"branch","line":23,"loc":{"start":{"line":23,"column":27},"end":{"line":36,"column":6}},"locations":[{"start":{"line":23,"column":27},"end":{"line":36,"column":6}}]},"13":{"type":"branch","line":26,"loc":{"start":{"line":26,"column":21},"end":{"line":26,"column":28}},"locations":[{"start":{"line":26,"column":21},"end":{"line":26,"column":28}}]},"14":{"type":"branch","line":26,"loc":{"start":{"line":26,"column":21},"end":{"line":28,"column":29}},"locations":[{"start":{"line":26,"column":21},"end":{"line":28,"column":29}}]},"15":{"type":"branch","line":28,"loc":{"start":{"line":28,"column":21},"end":{"line":28,"column":31}},"locations":[{"start":{"line":28,"column":21},"end":{"line":28,"column":31}}]},"16":{"type":"branch","line":29,"loc":{"start":{"line":29,"column":12},"end":{"line":29,"column":37}},"locations":[{"start":{"line":29,"column":12},"end":{"line":29,"column":37}}]},"17":{"type":"branch","line":29,"loc":{"start":{"line":29,"column":37},"end":{"line":32,"column":9}},"locations":[{"start":{"line":29,"column":37},"end":{"line":32,"column":9}}]},"18":{"type":"branch","line":30,"loc":{"start":{"line":30,"column":40},"end":{"line":30,"column":59}},"locations":[{"start":{"line":30,"column":40},"end":{"line":30,"column":59}}]},"19":{"type":"branch","line":33,"loc":{"start":{"line":33,"column":6},"end":{"line":35,"column":7}},"locations":[{"start":{"line":33,"column":6},"end":{"line":35,"column":7}}]},"20":{"type":"branch","line":38,"loc":{"start":{"line":38,"column":23},"end":{"line":47,"column":6}},"locations":[{"start":{"line":38,"column":23},"end":{"line":47,"column":6}}]},"21":{"type":"branch","line":41,"loc":{"start":{"line":41,"column":21},"end":{"line":41,"column":28}},"locations":[{"start":{"line":41,"column":21},"end":{"line":41,"column":28}}]},"22":{"type":"branch","line":41,"loc":{"start":{"line":41,"column":21},"end":{"line":43,"column":25}},"locations":[{"start":{"line":41,"column":21},"end":{"line":43,"column":25}}]},"23":{"type":"branch","line":43,"loc":{"start":{"line":43,"column":17},"end":{"line":43,"column":27}},"locations":[{"start":{"line":43,"column":17},"end":{"line":43,"column":27}}]},"24":{"type":"branch","line":44,"loc":{"start":{"line":44,"column":6},"end":{"line":46,"column":7}},"locations":[{"start":{"line":44,"column":6},"end":{"line":46,"column":7}}]},"25":{"type":"branch","line":53,"loc":{"start":{"line":53,"column":12},"end":{"line":80,"column":5}},"locations":[{"start":{"line":53,"column":12},"end":{"line":80,"column":5}}]},"26":{"type":"branch","line":54,"loc":{"start":{"line":54,"column":29},"end":{"line":79,"column":27}},"locations":[{"start":{"line":54,"column":29},"end":{"line":79,"column":27}}]},"27":{"type":"branch","line":56,"loc":{"start":{"line":56,"column":33},"end":{"line":77,"column":6}},"locations":[{"start":{"line":56,"column":33},"end":{"line":77,"column":6}}]},"28":{"type":"branch","line":70,"loc":{"start":{"line":70,"column":21},"end":{"line":70,"column":28}},"locations":[{"start":{"line":70,"column":21},"end":{"line":70,"column":28}}]},"29":{"type":"branch","line":72,"loc":{"start":{"line":72,"column":25},"end":{"line":72,"column":34}},"locations":[{"start":{"line":72,"column":25},"end":{"line":72,"column":34}}]},"30":{"type":"branch","line":74,"loc":{"start":{"line":74,"column":6},"end":{"line":76,"column":7}},"locations":[{"start":{"line":74,"column":6},"end":{"line":76,"column":7}}]},"31":{"type":"branch","line":72,"loc":{"start":{"line":72,"column":50},"end":{"line":72,"column":176}},"locations":[{"start":{"line":72,"column":50},"end":{"line":72,"column":176}}]},"32":{"type":"branch","line":111,"loc":{"start":{"line":111,"column":84},"end":{"line":116,"column":17}},"locations":[{"start":{"line":111,"column":84},"end":{"line":116,"column":17}}]},"33":{"type":"branch","line":112,"loc":{"start":{"line":112,"column":36},"end":{"line":112,"column":50}},"locations":[{"start":{"line":112,"column":36},"end":{"line":112,"column":50}}]},"34":{"type":"branch","line":115,"loc":{"start":{"line":115,"column":36},"end":{"line":115,"column":49}},"locations":[{"start":{"line":115,"column":36},"end":{"line":115,"column":49}}]},"35":{"type":"branch","line":114,"loc":{"start":{"line":114,"column":45},"end":{"line":114,"column":88}},"locations":[{"start":{"line":114,"column":45},"end":{"line":114,"column":88}}]},"36":{"type":"branch","line":114,"loc":{"start":{"line":114,"column":53},"end":{"line":114,"column":86}},"locations":[{"start":{"line":114,"column":53},"end":{"line":114,"column":86}}]},"37":{"type":"branch","line":117,"loc":{"start":{"line":117,"column":31},"end":{"line":118,"column":103}},"locations":[{"start":{"line":117,"column":31},"end":{"line":118,"column":103}}]},"38":{"type":"branch","line":118,"loc":{"start":{"line":118,"column":71},"end":{"line":118,"column":94}},"locations":[{"start":{"line":118,"column":71},"end":{"line":118,"column":94}}]},"39":{"type":"branch","line":125,"loc":{"start":{"line":125,"column":27},"end":{"line":138,"column":22}},"locations":[{"start":{"line":125,"column":27},"end":{"line":138,"column":22}}]},"40":{"type":"branch","line":151,"loc":{"start":{"line":151,"column":27},"end":{"line":155,"column":23}},"locations":[{"start":{"line":151,"column":27},"end":{"line":155,"column":23}}]},"41":{"type":"branch","line":166,"loc":{"start":{"line":166,"column":30},"end":{"line":173,"column":22}},"locations":[{"start":{"line":166,"column":30},"end":{"line":173,"column":22}}]}},"b":{"0":[15],"1":[0],"2":[10],"3":[5],"4":[6],"5":[9],"6":[6],"7":[12],"8":[5],"9":[10],"10":[10],"11":[5],"12":[5],"13":[1],"14":[4],"15":[0],"16":[4],"17":[4],"18":[0],"19":[0],"20":[5],"21":[1],"22":[4],"23":[0],"24":[0],"25":[10],"26":[5],"27":[5],"28":[0],"29":[0],"30":[0],"31":[5],"32":[1],"33":[0],"34":[0],"35":[2],"36":[0],"37":[14],"38":[0],"39":[6],"40":[2],"41":[6]},"fnMap":{"0":{"name":"CommanderHome","decl":{"start":{"line":12,"column":33},"end":{"line":182,"column":2}},"loc":{"start":{"line":12,"column":33},"end":{"line":182,"column":2}},"line":12},"1":{"name":"fetchDisasters","decl":{"start":{"line":23,"column":27},"end":{"line":36,"column":6}},"loc":{"start":{"line":23,"column":27},"end":{"line":36,"column":6}},"line":23},"2":{"name":"fetchUnits","decl":{"start":{"line":38,"column":23},"end":{"line":47,"column":6}},"loc":{"start":{"line":38,"column":23},"end":{"line":47,"column":6}},"line":38},"3":{"name":"fetchStatsAndReports","decl":{"start":{"line":56,"column":33},"end":{"line":77,"column":6}},"loc":{"start":{"line":56,"column":33},"end":{"line":77,"column":6}},"line":56},"4":{"name":"onChange","decl":{"start":{"line":111,"column":84},"end":{"line":116,"column":17}},"loc":{"start":{"line":111,"column":84},"end":{"line":116,"column":17}},"line":111}},"f":{"0":15,"1":5,"2":5,"3":5,"4":1}}
,"C:\\Users\\Aalok\\OneDrive\\Desktop\\SE_PROJECT\\ROSHNI_202301429\\frontend\\src\\dashboards\\CommanderLogs.tsx": {"path":"C:\\Users\\Aalok\\OneDrive\\Desktop\\SE_PROJECT\\ROSHNI_202301429\\frontend\\src\\dashboards\\CommanderLogs.tsx","all":false,"statementMap":{"0":{"start":{"line":1,"column":0},"end":{"line":1,"column":32}},"1":{"start":{"line":2,"column":0},"end":{"line":2,"column":44}},"2":{"start":{"line":3,"column":0},"end":{"line":3,"column":107}},"3":{"start":{"line":4,"column":0},"end":{"line":4,"column":86}},"4":{"start":{"line":5,"column":0},"end":{"line":5,"column":61}},"5":{"start":{"line":6,"column":0},"end":{"line":6,"column":52}},"7":{"start":{"line":8,"column":0},"end":{"line":8,"column":33}},"8":{"start":{"line":9,"column":0},"end":{"line":9,"column":60}},"9":{"start":{"line":10,"column":0},"end":{"line":10,"column":56}},"10":{"start":{"line":11,"column":0},"end":{"line":11,"column":15}},"11":{"start":{"line":12,"column":0},"end":{"line":12,"column":21}},"12":{"start":{"line":13,"column":0},"end":{"line":13,"column":22}},"13":{"start":{"line":14,"column":0},"end":{"line":14,"column":22}},"14":{"start":{"line":15,"column":0},"end":{"line":15,"column":17}},"15":{"start":{"line":16,"column":0},"end":{"line":16,"column":24}},"16":{"start":{"line":17,"column":0},"end":{"line":17,"column":19}},"17":{"start":{"line":18,"column":0},"end":{"line":18,"column":26}},"18":{"start":{"line":19,"column":0},"end":{"line":19,"column":5}},"19":{"start":{"line":20,"column":0},"end":{"line":20,"column":31}},"20":{"start":{"line":21,"column":0},"end":{"line":21,"column":64}},"22":{"start":{"line":23,"column":0},"end":{"line":23,"column":68}},"24":{"start":{"line":25,"column":0},"end":{"line":25,"column":39}},"25":{"start":{"line":26,"column":0},"end":{"line":26,"column":53}},"26":{"start":{"line":27,"column":0},"end":{"line":27,"column":79}},"27":{"start":{"line":28,"column":0},"end":{"line":28,"column":47}},"28":{"start":{"line":29,"column":0},"end":{"line":29,"column":4}},"30":{"start":{"line":31,"column":0},"end":{"line":31,"column":19}},"31":{"start":{"line":32,"column":0},"end":{"line":32,"column":32}},"32":{"start":{"line":33,"column":0},"end":{"line":33,"column":37}},"33":{"start":{"line":34,"column":0},"end":{"line":34,"column":32}},"34":{"start":{"line":35,"column":0},"end":{"line":35,"column":7}},"35":{"start":{"line":36,"column":0},"end":{"line":36,"column":6}},"37":{"start":{"line":38,"column":0},"end":{"line":38,"column":19}},"38":{"start":{"line":39,"column":0},"end":{"line":39,"column":52}},"39":{"start":{"line":40,"column":0},"end":{"line":40,"column":68}},"40":{"start":{"line":41,"column":0},"end":{"line":41,"column":9}},"42":{"start":{"line":43,"column":0},"end":{"line":43,"column":10}},"43":{"start":{"line":44,"column":0},"end":{"line":44,"column":146}},"44":{"start":{"line":45,"column":0},"end":{"line":45,"column":10}},"45":{"start":{"line":46,"column":0},"end":{"line":46,"column":56}},"46":{"start":{"line":47,"column":0},"end":{"line":47,"column":101}},"48":{"start":{"line":49,"column":0},"end":{"line":49,"column":185}},"49":{"start":{"line":50,"column":0},"end":{"line":50,"column":178}},"50":{"start":{"line":51,"column":0},"end":{"line":51,"column":12}},"51":{"start":{"line":52,"column":0},"end":{"line":52,"column":10}},"53":{"start":{"line":54,"column":0},"end":{"line":54,"column":2}},"55":{"start":{"line":56,"column":0},"end":{"line":56,"column":29}}},"s":{"0":1,"1":1,"2":1,"3":1,"4":1,"5":1,"7":1,"8":0,"9":0,"10":0,"11":0,"12":0,"13":0,"14":0,"15":0,"16":0,"17":0,"18":0,"19":0,"20":0,"22":0,"24":0,"25":0,"26":0,"27":0,"28":0,"30":0,"31":0,"32":0,"33":0,"34":0,"35":0,"37":0,"38":0,"39":0,"40":0,"42":0,"43":0,"44":0,"45":0,"46":0,"48":0,"49":0,"50":0,"51":0,"53":0,"55":1},"branchMap":{},"b":{},"fnMap":{"0":{"name":"CommanderLogs","decl":{"start":{"line":8,"column":26},"end":{"line":54,"column":2}},"loc":{"start":{"line":8,"column":26},"end":{"line":54,"column":2}},"line":8}},"f":{"0":0}}
,"C:\\Users\\Aalok\\OneDrive\\Desktop\\SE_PROJECT\\ROSHNI_202301429\\frontend\\src\\dashboards\\CommanderTeams.tsx": {"path":"C:\\Users\\Aalok\\OneDrive\\Desktop\\SE_PROJECT\\ROSHNI_202301429\\frontend\\src\\dashboards\\CommanderTeams.tsx","all":false,"statementMap":{"0":{"start":{"line":1,"column":0},"end":{"line":1,"column":40}},"1":{"start":{"line":2,"column":0},"end":{"line":2,"column":74}},"2":{"start":{"line":3,"column":0},"end":{"line":3,"column":85}},"3":{"start":{"line":4,"column":0},"end":{"line":4,"column":103}},"4":{"start":{"line":5,"column":0},"end":{"line":5,"column":87}},"13":{"start":{"line":14,"column":0},"end":{"line":14,"column":40}},"14":{"start":{"line":15,"column":0},"end":{"line":15,"column":69}},"15":{"start":{"line":16,"column":0},"end":{"line":16,"column":79}},"17":{"start":{"line":18,"column":0},"end":{"line":18,"column":71}},"18":{"start":{"line":19,"column":0},"end":{"line":19,"column":50}},"19":{"start":{"line":20,"column":0},"end":{"line":20,"column":35}},"20":{"start":{"line":21,"column":0},"end":{"line":21,"column":4}},"22":{"start":{"line":23,"column":0},"end":{"line":23,"column":73}},"23":{"start":{"line":24,"column":0},"end":{"line":24,"column":50}},"24":{"start":{"line":25,"column":0},"end":{"line":25,"column":37}},"25":{"start":{"line":26,"column":0},"end":{"line":26,"column":4}},"27":{"start":{"line":28,"column":0},"end":{"line":28,"column":37}},"28":{"start":{"line":29,"column":0},"end":{"line":29,"column":24}},"29":{"start":{"line":30,"column":0},"end":{"line":30,"column":33}},"30":{"start":{"line":31,"column":0},"end":{"line":31,"column":4}},"32":{"start":{"line":33,"column":0},"end":{"line":33,"column":43}},"33":{"start":{"line":34,"column":0},"end":{"line":34,"column":35}},"34":{"start":{"line":35,"column":0},"end":{"line":35,"column":4}},"36":{"start":{"line":37,"column":0},"end":{"line":37,"column":28}},"37":{"start":{"line":38,"column":0},"end":{"line":38,"column":54}},"38":{"start":{"line":39,"column":0},"end":{"line":39,"column":28}},"39":{"start":{"line":40,"column":0},"end":{"line":40,"column":75}},"40":{"start":{"line":41,"column":0},"end":{"line":41,"column":5}},"42":{"start":{"line":43,"column":0},"end":{"line":43,"column":26}},"43":{"start":{"line":44,"column":0},"end":{"line":44,"column":24}},"44":{"start":{"line":45,"column":0},"end":{"line":45,"column":77}},"45":{"start":{"line":46,"column":0},"end":{"line":46,"column":26}},"46":{"start":{"line":47,"column":0},"end":{"line":47,"column":16}},"47":{"start":{"line":48,"column":0},"end":{"line":48,"column":35}},"48":{"start":{"line":49,"column":0},"end":{"line":49,"column":35}},"49":{"start":{"line":50,"column":0},"end":{"line":50,"column":39}},"50":{"start":{"line":51,"column":0},"end":{"line":51,"column":47}},"51":{"start":{"line":52,"column":0},"end":{"line":52,"column":63}},"52":{"start":{"line":53,"column":0},"end":{"line":53,"column":12}},"54":{"start":{"line":55,"column":0},"end":{"line":55,"column":28}},"55":{"start":{"line":56,"column":0},"end":{"line":56,"column":16}},"56":{"start":{"line":57,"column":0},"end":{"line":57,"column":27}},"57":{"start":{"line":58,"column":0},"end":{"line":58,"column":35}},"58":{"start":{"line":59,"column":0},"end":{"line":59,"column":39}},"59":{"start":{"line":60,"column":0},"end":{"line":60,"column":62}},"60":{"start":{"line":61,"column":0},"end":{"line":61,"column":12}},"62":{"start":{"line":63,"column":0},"end":{"line":63,"column":14}},"63":{"start":{"line":64,"column":0},"end":{"line":64,"column":77}},"64":{"start":{"line":65,"column":0},"end":{"line":65,"column":5}},"65":{"start":{"line":66,"column":0},"end":{"line":66,"column":4}},"67":{"start":{"line":68,"column":0},"end":{"line":68,"column":10}},"68":{"start":{"line":69,"column":0},"end":{"line":69,"column":45}},"69":{"start":{"line":70,"column":0},"end":{"line":70,"column":20}},"70":{"start":{"line":71,"column":0},"end":{"line":71,"column":10}},"72":{"start":{"line":73,"column":0},"end":{"line":73,"column":2}},"74":{"start":{"line":75,"column":0},"end":{"line":75,"column":30}}},"s":{"0":1,"1":1,"2":1,"3":1,"4":1,"13":1,"14":0,"15":0,"17":0,"18":0,"19":0,"20":0,"22":0,"23":0,"24":0,"25":0,"27":0,"28":0,"29":0,"30":0,"32":0,"33":0,"34":0,"36":0,"37":0,"38":0,"39":0,"40":0,"42":0,"43":0,"44":0,"45":0,"46":0,"47":0,"48":0,"49":0,"50":0,"51":0,"52":0,"54":0,"55":0,"56":0,"57":0,"58":0,"59":0,"60":0,"62":0,"63":0,"64":0,"65":0,"67":0,"68":0,"69":0,"70":0,"72":0,"74":1},"branchMap":{},"b":{},"fnMap":{"0":{"name":"CommanderTeams","decl":{"start":{"line":14,"column":33},"end":{"line":73,"column":2}},"loc":{"start":{"line":14,"column":33},"end":{"line":73,"column":2}},"line":14}},"f":{"0":0}}
,"C:\\Users\\Aalok\\OneDrive\\Desktop\\SE_PROJECT\\ROSHNI_202301429\\frontend\\src\\dashboards\\ResponderDashboard.tsx": {"path":"C:\\Users\\Aalok\\OneDrive\\Desktop\\SE_PROJECT\\ROSHNI_202301429\\frontend\\src\\dashboards\\ResponderDashboard.tsx","all":false,"statementMap":{"0":{"start":{"line":1,"column":0},"end":{"line":1,"column":32}},"2":{"start":{"line":3,"column":0},"end":{"line":3,"column":50}},"8":{"start":{"line":9,"column":0},"end":{"line":9,"column":53}},"9":{"start":{"line":10,"column":0},"end":{"line":10,"column":10}},"10":{"start":{"line":11,"column":0},"end":{"line":11,"column":56}},"11":{"start":{"line":12,"column":0},"end":{"line":12,"column":34}},"12":{"start":{"line":13,"column":0},"end":{"line":13,"column":66}},"14":{"start":{"line":15,"column":0},"end":{"line":15,"column":41}},"15":{"start":{"line":16,"column":0},"end":{"line":16,"column":48}},"16":{"start":{"line":17,"column":0},"end":{"line":17,"column":90}},"17":{"start":{"line":18,"column":0},"end":{"line":18,"column":85}},"19":{"start":{"line":20,"column":0},"end":{"line":20,"column":14}},"20":{"start":{"line":21,"column":0},"end":{"line":21,"column":46}},"21":{"start":{"line":22,"column":0},"end":{"line":22,"column":14}},"23":{"start":{"line":24,"column":0},"end":{"line":24,"column":106}},"24":{"start":{"line":25,"column":0},"end":{"line":25,"column":95}},"25":{"start":{"line":26,"column":0},"end":{"line":26,"column":62}},"27":{"start":{"line":28,"column":0},"end":{"line":28,"column":14}},"28":{"start":{"line":29,"column":0},"end":{"line":29,"column":14}},"29":{"start":{"line":30,"column":0},"end":{"line":30,"column":12}},"30":{"start":{"line":31,"column":0},"end":{"line":31,"column":14}},"32":{"start":{"line":33,"column":0},"end":{"line":33,"column":2}},"34":{"start":{"line":35,"column":0},"end":{"line":35,"column":34}}},"s":{"0":1,"2":1,"8":1,"9":0,"10":0,"11":0,"12":0,"14":0,"15":0,"16":0,"17":0,"19":0,"20":0,"21":0,"23":0,"24":0,"25":0,"27":0,"28":0,"29":0,"30":0,"32":0,"34":1},"branchMap":{},"b":{},"fnMap":{"0":{"name":"ResponderDashboard","decl":{"start":{"line":9,"column":38},"end":{"line":33,"column":2}},"loc":{"start":{"line":9,"column":38},"end":{"line":33,"column":2}},"line":9}},"f":{"0":0}}
,"C:\\Users\\Aalok\\OneDrive\\Desktop\\SE_PROJECT\\ROSHNI_202301429\\frontend\\src\\services\\websocket.ts": {"path":"C:\\Users\\Aalok\\OneDrive\\Desktop\\SE_PROJECT\\ROSHNI_202301429\\frontend\\src\\services\\websocket.ts","all":false,"statementMap":{"0":{"start":{"line":1,"column":0},"end":{"line":1,"column":36}},"2":{"start":{"line":3,"column":0},"end":{"line":3,"column":53}},"3":{"start":{"line":4,"column":0},"end":{"line":4,"column":97}},"5":{"start":{"line":6,"column":0},"end":{"line":6,"column":64}},"6":{"start":{"line":7,"column":0},"end":{"line":7,"column":70}},"7":{"start":{"line":8,"column":0},"end":{"line":8,"column":63}},"8":{"start":{"line":9,"column":0},"end":{"line":9,"column":2}},"10":{"start":{"line":11,"column":0},"end":{"line":11,"column":46}},"11":{"start":{"line":12,"column":0},"end":{"line":12,"column":55}},"12":{"start":{"line":13,"column":0},"end":{"line":13,"column":41}},"13":{"start":{"line":14,"column":0},"end":{"line":14,"column":3}},"14":{"start":{"line":15,"column":0},"end":{"line":15,"column":2}},"16":{"start":{"line":17,"column":0},"end":{"line":17,"column":70}},"17":{"start":{"line":18,"column":0},"end":{"line":18,"column":22}},"18":{"start":{"line":19,"column":0},"end":{"line":19,"column":33}},"19":{"start":{"line":20,"column":0},"end":{"line":20,"column":40}},"20":{"start":{"line":21,"column":0},"end":{"line":21,"column":19}},"21":{"start":{"line":22,"column":0},"end":{"line":22,"column":4}},"22":{"start":{"line":23,"column":0},"end":{"line":23,"column":2}}},"s":{"0":1,"2":1,"3":0,"5":0,"6":0,"7":0,"8":0,"10":1,"11":0,"12":0,"13":0,"14":0,"16":1,"17":0,"18":0,"19":0,"20":0,"21":0,"22":0},"branchMap":{},"b":{},"fnMap":{"0":{"name":"connectWebSocket","decl":{"start":{"line":3,"column":32},"end":{"line":9,"column":2}},"loc":{"start":{"line":3,"column":32},"end":{"line":9,"column":2}},"line":3},"1":{"name":"sendMessage","decl":{"start":{"line":11,"column":27},"end":{"line":15,"column":2}},"loc":{"start":{"line":11,"column":27},"end":{"line":15,"column":2}},"line":11},"2":{"name":"subscribeToMessages","decl":{"start":{"line":17,"column":35},"end":{"line":23,"column":2}},"loc":{"start":{"line":17,"column":35},"end":{"line":23,"column":2}},"line":17}},"f":{"0":0,"1":0,"2":0}}
}
